{"/Users/egrembocki/Documents/school/FA24/SWENG431/Zettlr-sweng431/source/common/modules/markdown-editor/table-editor/build-grid.ts":{"path":"/Users/egrembocki/Documents/school/FA24/SWENG431/Zettlr-sweng431/source/common/modules/markdown-editor/table-editor/build-grid.ts","statementMap":{"0":{"start":{"line":16,"column":22},"end":{"line":18,"column":1}},"1":{"start":{"line":17,"column":4},"end":{"line":17,"column":62}},"2":{"start":{"line":19,"column":0},"end":{"line":19,"column":62}},"3":{"start":{"line":20,"column":0},"end":{"line":20,"column":33}},"4":{"start":{"line":21,"column":30},"end":{"line":21,"column":79}},"5":{"start":{"line":31,"column":4},"end":{"line":31,"column":67}},"6":{"start":{"line":31,"column":42},"end":{"line":31,"column":64}},"7":{"start":{"line":45,"column":20},"end":{"line":45,"column":23}},"8":{"start":{"line":46,"column":4},"end":{"line":59,"column":5}},"9":{"start":{"line":46,"column":19},"end":{"line":46,"column":20}},"10":{"start":{"line":48,"column":8},"end":{"line":58,"column":9}},"11":{"start":{"line":50,"column":16},"end":{"line":50,"column":68}},"12":{"start":{"line":51,"column":16},"end":{"line":51,"column":22}},"13":{"start":{"line":53,"column":16},"end":{"line":53,"column":71}},"14":{"start":{"line":54,"column":16},"end":{"line":54,"column":22}},"15":{"start":{"line":56,"column":16},"end":{"line":56,"column":69}},"16":{"start":{"line":57,"column":16},"end":{"line":57,"column":22}},"17":{"start":{"line":60,"column":4},"end":{"line":60,"column":21}},"18":{"start":{"line":64,"column":21},"end":{"line":64,"column":60}},"19":{"start":{"line":65,"column":20},"end":{"line":65,"column":30}},"20":{"start":{"line":66,"column":20},"end":{"line":66,"column":35}},"21":{"start":{"line":68,"column":16},"end":{"line":68,"column":80}},"22":{"start":{"line":68,"column":43},"end":{"line":68,"column":63}},"23":{"start":{"line":69,"column":19},"end":{"line":69,"column":84}},"24":{"start":{"line":71,"column":17},"end":{"line":71,"column":19}},"25":{"start":{"line":72,"column":4},"end":{"line":78,"column":5}},"26":{"start":{"line":73,"column":8},"end":{"line":73,"column":23}},"27":{"start":{"line":77,"column":8},"end":{"line":77,"column":26}},"28":{"start":{"line":80,"column":4},"end":{"line":123,"column":5}},"29":{"start":{"line":80,"column":19},"end":{"line":80,"column":20}},"30":{"start":{"line":82,"column":27},"end":{"line":82,"column":52}},"31":{"start":{"line":86,"column":25},"end":{"line":86,"column":27}},"32":{"start":{"line":87,"column":8},"end":{"line":93,"column":9}},"33":{"start":{"line":87,"column":21},"end":{"line":87,"column":22}},"34":{"start":{"line":88,"column":29},"end":{"line":88,"column":31}},"35":{"start":{"line":89,"column":12},"end":{"line":91,"column":13}},"36":{"start":{"line":89,"column":25},"end":{"line":89,"column":26}},"37":{"start":{"line":90,"column":16},"end":{"line":90,"column":34}},"38":{"start":{"line":92,"column":12},"end":{"line":92,"column":36}},"39":{"start":{"line":95,"column":8},"end":{"line":109,"column":9}},"40":{"start":{"line":95,"column":23},"end":{"line":95,"column":24}},"41":{"start":{"line":98,"column":28},"end":{"line":98,"column":53}},"42":{"start":{"line":99,"column":12},"end":{"line":101,"column":13}},"43":{"start":{"line":100,"column":16},"end":{"line":100,"column":35}},"44":{"start":{"line":103,"column":12},"end":{"line":103,"column":80}},"45":{"start":{"line":103,"column":43},"end":{"line":103,"column":78}},"46":{"start":{"line":106,"column":12},"end":{"line":108,"column":13}},"47":{"start":{"line":106,"column":25},"end":{"line":106,"column":26}},"48":{"start":{"line":107,"column":16},"end":{"line":107,"column":48}},"49":{"start":{"line":112,"column":8},"end":{"line":114,"column":9}},"50":{"start":{"line":113,"column":12},"end":{"line":113,"column":52}},"51":{"start":{"line":116,"column":8},"end":{"line":122,"column":9}},"52":{"start":{"line":117,"column":12},"end":{"line":117,"column":30}},"53":{"start":{"line":121,"column":12},"end":{"line":121,"column":27}},"54":{"start":{"line":124,"column":4},"end":{"line":124,"column":27}}},"fnMap":{"0":{"name":"(anonymous_0)","decl":{"start":{"line":16,"column":56},"end":{"line":16,"column":57}},"loc":{"start":{"line":16,"column":71},"end":{"line":18,"column":1}},"line":16},"1":{"name":"calcRawCellRows","decl":{"start":{"line":30,"column":9},"end":{"line":30,"column":24}},"loc":{"start":{"line":30,"column":34},"end":{"line":32,"column":1}},"line":30},"2":{"name":"(anonymous_2)","decl":{"start":{"line":31,"column":35},"end":{"line":31,"column":36}},"loc":{"start":{"line":31,"column":42},"end":{"line":31,"column":64}},"line":31},"3":{"name":"buildGridHeaderRow","decl":{"start":{"line":44,"column":9},"end":{"line":44,"column":27}},"loc":{"start":{"line":44,"column":60},"end":{"line":61,"column":1}},"line":44},"4":{"name":"buildGridTable","decl":{"start":{"line":62,"column":9},"end":{"line":62,"column":23}},"loc":{"start":{"line":62,"column":61},"end":{"line":125,"column":1}},"line":62},"5":{"name":"(anonymous_5)","decl":{"start":{"line":68,"column":35},"end":{"line":68,"column":36}},"loc":{"start":{"line":68,"column":43},"end":{"line":68,"column":63}},"line":68},"6":{"name":"(anonymous_6)","decl":{"start":{"line":103,"column":38},"end":{"line":103,"column":39}},"loc":{"start":{"line":103,"column":43},"end":{"line":103,"column":78}},"line":103}},"branchMap":{"0":{"loc":{"start":{"line":16,"column":22},"end":{"line":18,"column":1}},"type":"binary-expr","locations":[{"start":{"line":16,"column":23},"end":{"line":16,"column":27}},{"start":{"line":16,"column":31},"end":{"line":16,"column":51}},{"start":{"line":16,"column":56},"end":{"line":18,"column":1}}],"line":16},"1":{"loc":{"start":{"line":17,"column":11},"end":{"line":17,"column":61}},"type":"cond-expr","locations":[{"start":{"line":17,"column":37},"end":{"line":17,"column":40}},{"start":{"line":17,"column":43},"end":{"line":17,"column":61}}],"line":17},"2":{"loc":{"start":{"line":17,"column":12},"end":{"line":17,"column":33}},"type":"binary-expr","locations":[{"start":{"line":17,"column":12},"end":{"line":17,"column":15}},{"start":{"line":17,"column":19},"end":{"line":17,"column":33}}],"line":17},"3":{"loc":{"start":{"line":48,"column":8},"end":{"line":58,"column":9}},"type":"switch","locations":[{"start":{"line":49,"column":12},"end":{"line":51,"column":22}},{"start":{"line":52,"column":12},"end":{"line":54,"column":22}},{"start":{"line":55,"column":12},"end":{"line":57,"column":22}}],"line":48},"4":{"loc":{"start":{"line":62,"column":43},"end":{"line":62,"column":59}},"type":"default-arg","locations":[{"start":{"line":62,"column":55},"end":{"line":62,"column":59}}],"line":62},"5":{"loc":{"start":{"line":69,"column":62},"end":{"line":69,"column":83}},"type":"cond-expr","locations":[{"start":{"line":69,"column":74},"end":{"line":69,"column":77}},{"start":{"line":69,"column":80},"end":{"line":69,"column":83}}],"line":69},"6":{"loc":{"start":{"line":72,"column":4},"end":{"line":78,"column":5}},"type":"if","locations":[{"start":{"line":72,"column":4},"end":{"line":78,"column":5}},{"start":{"line":75,"column":9},"end":{"line":78,"column":5}}],"line":72},"7":{"loc":{"start":{"line":116,"column":8},"end":{"line":122,"column":9}},"type":"if","locations":[{"start":{"line":116,"column":8},"end":{"line":122,"column":9}},{"start":{"line":119,"column":13},"end":{"line":122,"column":9}}],"line":116},"8":{"loc":{"start":{"line":116,"column":12},"end":{"line":116,"column":34}},"type":"binary-expr","locations":[{"start":{"line":116,"column":12},"end":{"line":116,"column":21}},{"start":{"line":116,"column":25},"end":{"line":116,"column":34}}],"line":116}},"s":{"0":1,"1":1,"2":1,"3":1,"4":1,"5":6,"6":18,"7":3,"8":3,"9":3,"10":9,"11":5,"12":5,"13":2,"14":2,"15":2,"16":2,"17":3,"18":3,"19":3,"20":3,"21":3,"22":9,"23":3,"24":3,"25":3,"26":2,"27":1,"28":3,"29":3,"30":6,"31":6,"32":6,"33":6,"34":8,"35":8,"36":8,"37":24,"38":8,"39":6,"40":6,"41":18,"42":18,"43":4,"44":18,"45":24,"46":18,"47":18,"48":24,"49":6,"50":8,"51":6,"52":2,"53":4,"54":3},"f":{"0":1,"1":6,"2":18,"3":3,"4":3,"5":9,"6":24},"b":{"0":[1,1,1],"1":[1,0],"2":[1,1],"3":[5,2,2],"4":[0],"5":[2,1],"6":[2,1],"7":[2,4],"8":[6,3]},"inputSourceMap":{"version":3,"file":"/Users/egrembocki/Documents/school/FA24/SWENG431/Zettlr-sweng431/source/common/modules/markdown-editor/table-editor/build-grid.ts","sources":["/Users/egrembocki/Documents/school/FA24/SWENG431/Zettlr-sweng431/source/common/modules/markdown-editor/table-editor/build-grid.ts"],"names":[],"mappings":";AAAA;;;;;;;;;;;;;GAaG;;;;;AA+CH,iCAuEC;AApHD,gFAAqD;AAGrD;;;;;;;GAOG;AACH,SAAS,eAAe,CAAE,OAAiB;IACzC,OAAO,IAAI,CAAC,GAAG,CAAC,GAAG,OAAO,CAAC,GAAG,CAAC,GAAG,CAAC,EAAE,CAAC,GAAG,CAAC,KAAK,CAAC,IAAI,CAAC,CAAC,MAAM,CAAC,CAAC,CAAA;AAChE,CAAC;AAED;;;;;;;;;;GAUG;AACH,SAAS,kBAAkB,CAAE,QAAkB,EAAE,YAA4B,EAAE,MAAe;IAC5F,IAAI,SAAS,GAAG,GAAG,CAAA;IACnB,KAAK,IAAI,GAAG,GAAG,CAAC,EAAE,GAAG,GAAG,QAAQ,CAAC,MAAM,EAAE,GAAG,EAAE,EAAE,CAAC;QAC/C,8DAA8D;QAC9D,QAAQ,YAAY,CAAC,GAAG,CAAC,EAAE,CAAC;YAC1B,KAAK,MAAM;gBACT,SAAS,IAAI,MAAM,CAAC,MAAM,CAAC,QAAQ,CAAC,GAAG,CAAC,GAAG,CAAC,CAAC,GAAG,GAAG,CAAA;gBACnD,MAAK;YACP,KAAK,QAAQ;gBACX,SAAS,IAAI,GAAG,GAAG,MAAM,CAAC,MAAM,CAAC,QAAQ,CAAC,GAAG,CAAC,CAAC,GAAG,IAAI,CAAA;gBACtD,MAAK;YACP,KAAK,OAAO;gBACV,SAAS,IAAI,MAAM,CAAC,MAAM,CAAC,QAAQ,CAAC,GAAG,CAAC,GAAG,CAAC,CAAC,GAAG,IAAI,CAAA;gBACpD,MAAK;QACT,CAAC;IACH,CAAC;IACD,OAAO,SAAS,CAAA;AAClB,CAAC;AAED,SAAwB,cAAc,CAAE,GAAe,EAAE,YAA4B,EAAE,YAAqB,IAAI;IAC9G,4EAA4E;IAC5E,MAAM,QAAQ,GAAG,IAAA,6BAAiB,EAAC,GAAG,CAAC,CAAA;IACvC,MAAM,OAAO,GAAG,GAAG,CAAC,MAAM,CAAA;IAC1B,MAAM,OAAO,GAAG,QAAQ,CAAC,MAAM,CAAA;IAE/B,8DAA8D;IAC9D,MAAM,GAAG,GAAG,GAAG,GAAG,QAAQ,CAAC,GAAG,CAAC,IAAI,CAAC,EAAE,CAAC,GAAG,CAAC,MAAM,CAAC,IAAI,GAAG,CAAC,CAAC,CAAC,CAAC,IAAI,CAAC,GAAG,CAAC,GAAG,GAAG,CAAA;IAC5E,MAAM,MAAM,GAAG,kBAAkB,CAAC,QAAQ,EAAE,YAAY,EAAE,SAAS,CAAC,CAAC,CAAC,GAAG,CAAC,CAAC,CAAC,GAAG,CAAC,CAAA;IAEhF,uCAAuC;IACvC,MAAM,IAAI,GAAa,EAAE,CAAA;IACzB,IAAI,SAAS,EAAE,CAAC;QACd,IAAI,CAAC,IAAI,CAAC,GAAG,CAAC,CAAA;IAChB,CAAC;SAAM,CAAC;QACN,oEAAoE;QACpE,IAAI,CAAC,IAAI,CAAC,MAAM,CAAC,CAAA;IACnB,CAAC;IAED,0CAA0C;IAC1C,KAAK,IAAI,GAAG,GAAG,CAAC,EAAE,GAAG,GAAG,OAAO,EAAE,GAAG,EAAE,EAAE,CAAC;QACvC,yEAAyE;QACzE,MAAM,UAAU,GAAG,eAAe,CAAC,GAAG,CAAC,GAAG,CAAC,CAAC,CAAA;QAE5C,yEAAyE;QACzE,wEAAwE;QACxE,oCAAoC;QACpC,MAAM,QAAQ,GAAe,EAAE,CAAA;QAC/B,KAAK,IAAI,CAAC,GAAG,CAAC,EAAE,CAAC,GAAG,UAAU,EAAE,CAAC,EAAE,EAAE,CAAC;YACpC,MAAM,QAAQ,GAAG,EAAE,CAAA;YACnB,KAAK,IAAI,CAAC,GAAG,CAAC,EAAE,CAAC,GAAG,OAAO,EAAE,CAAC,EAAE,EAAE,CAAC;gBACjC,QAAQ,CAAC,IAAI,CAAC,EAAE,CAAC,CAAA,CAAC,uCAAuC;YAC3D,CAAC;YACD,QAAQ,CAAC,IAAI,CAAC,QAAQ,CAAC,CAAA;QACzB,CAAC;QAED,iEAAiE;QACjE,KAAK,IAAI,GAAG,GAAG,CAAC,EAAE,GAAG,GAAG,OAAO,EAAE,GAAG,EAAE,EAAE,CAAC;YACvC,sEAAsE;YACtE,cAAc;YACd,IAAI,SAAS,GAAG,GAAG,CAAC,GAAG,CAAC,CAAC,GAAG,CAAC,CAAC,KAAK,CAAC,IAAI,CAAC,CAAA;YACzC,OAAO,SAAS,CAAC,MAAM,GAAG,UAAU,EAAE,CAAC;gBACrC,SAAS,CAAC,IAAI,CAAC,EAAE,CAAC,CAAA;YACpB,CAAC;YAED,yCAAyC;YACzC,SAAS,GAAG,SAAS,CAAC,GAAG,CAAC,CAAC,CAAC,EAAE,CAAC,GAAG,GAAG,CAAC,CAAC,MAAM,CAAC,QAAQ,CAAC,GAAG,CAAC,CAAC,GAAG,GAAG,CAAC,CAAA;YAEnE,yEAAyE;YACzE,yCAAyC;YACzC,KAAK,IAAI,CAAC,GAAG,CAAC,EAAE,CAAC,GAAG,UAAU,EAAE,CAAC,EAAE,EAAE,CAAC;gBACpC,QAAQ,CAAC,CAAC,CAAC,CAAC,GAAG,CAAC,GAAG,SAAS,CAAC,CAAC,CAAC,CAAA;YACjC,CAAC;QACH,CAAC;QAED,sEAAsE;QACtE,wEAAwE;QACxE,KAAK,MAAM,MAAM,IAAI,QAAQ,EAAE,CAAC;YAC9B,IAAI,CAAC,IAAI,CAAC,GAAG,GAAG,MAAM,CAAC,IAAI,CAAC,GAAG,CAAC,GAAG,GAAG,CAAC,CAAA;QACzC,CAAC;QAED,2EAA2E;QAC3E,IAAI,GAAG,KAAK,CAAC,IAAI,SAAS,EAAE,CAAC;YAC3B,IAAI,CAAC,IAAI,CAAC,MAAM,CAAC,CAAA;QACnB,CAAC;aAAM,CAAC;YACN,+CAA+C;YAC/C,IAAI,CAAC,IAAI,CAAC,GAAG,CAAC,CAAA;QAChB,CAAC;IACH,CAAC;IAED,OAAO,IAAI,CAAC,IAAI,CAAC,IAAI,CAAC,CAAA;AACxB,CAAC","sourcesContent":["/**\n * @ignore\n * BEGIN HEADER\n *\n * Contains:        TableHelper utility function\n * CVM-Role:        Utility\n * Maintainer:      Hendrik Erz\n * License:         GNU GPL v3\n *\n * Description:     Transforms an AST to a grid table.\n *                  Cf. https://pandoc.org/MANUAL.html#tables\n *\n * END HEADER\n */\n\nimport calculateColSizes from './calculate-col-sizes'\nimport type { ColAlignment } from './types'\n\n/**\n * Takes a set of AST columns and returns the number of lines they will span if\n * built as a string table\n *\n * @param   {string[]}  columns  The column contents\n *\n * @return  {number}             The amount of raw Markdown lines required to render\n */\nfunction calcRawCellRows (columns: string[]): number {\n  return Math.max(...columns.map(col => col.split('\\n').length))\n}\n\n/**\n * Builds a header row for a grid table, based on the column sizes and the\n * alignment. As a symbol, pass in '=' if the grid table has a header row, or\n * '-' if it does not, and place this row accordingly.\n *\n * @param   {number[]}        colSizes      The column sizes of the table\n * @param   {ColAlignment[]}  colAlignment  The alignment specs\n * @param   {'='|'-'}         symbol        The symbol (depends on header row)\n *\n * @return  {string}                        The built grid header row\n */\nfunction buildGridHeaderRow (colSizes: number[], colAlignment: ColAlignment[], symbol: '='|'-'): string {\n  let headerRow = '+'\n  for (let col = 0; col < colSizes.length; col++) {\n    // Respect the spaces left and right and account for alignment\n    switch (colAlignment[col]) {\n      case 'left':\n        headerRow += symbol.repeat(colSizes[col] + 2) + '+'\n        break\n      case 'center':\n        headerRow += ':' + symbol.repeat(colSizes[col]) + ':+'\n        break\n      case 'right':\n        headerRow += symbol.repeat(colSizes[col] + 1) + ':+'\n        break\n    }\n  }\n  return headerRow\n}\n\nexport default function buildGridTable (ast: string[][], colAlignment: ColAlignment[], hasHeader: boolean = true): string {\n  // Setup: colSizes is the maximum length of any cell inside the given column\n  const colSizes = calculateColSizes(ast)\n  const numRows = ast.length\n  const numCols = colSizes.length\n\n  // This is a template separator row, added in between each row\n  const sep = '+' + colSizes.map(elem => '-'.repeat(elem + 2)).join('+') + '+'\n  const header = buildGridHeaderRow(colSizes, colAlignment, hasHeader ? '=' : '-')\n\n  // Begin the table with a separator row\n  const rows: string[] = []\n  if (hasHeader) {\n    rows.push(sep)\n  } else {\n    // Custom header row (similar to below, but with '-' instead of '=')\n    rows.push(header)\n  }\n\n  // Now iterate over every row in the table\n  for (let row = 0; row < numRows; row++) {\n    // A single row in the AST can span multiple actual rows, delimited by \\n\n    const actualRows = calcRawCellRows(ast[row])\n\n    // This is an inner table used to prepare the columns inside this row for\n    // stringification. We need to pre-fill it as we have to pivot the cells\n    // from col/row to row/col ordering.\n    const innerAST: string[][] = []\n    for (let i = 0; i < actualRows; i++) {\n      const innerRow = []\n      for (let j = 0; j < numCols; j++) {\n        innerRow.push('') // Arbitrary, will be overwritten below\n      }\n      innerAST.push(innerRow)\n    }\n\n    // After the preparation, iterate over the columns inside the row\n    for (let col = 0; col < numCols; col++) {\n      // Split into the individual \"actual\" rows of the cell, and pad to the\n      // full length\n      let splitCell = ast[row][col].split('\\n')\n      while (splitCell.length < actualRows) {\n        splitCell.push('')\n      }\n\n      // Now, pad each \"split\" cell accordingly\n      splitCell = splitCell.map(c => ' ' + c.padEnd(colSizes[col]) + ' ')\n\n      // Now add all parts of the given cell to the inner table. Here, we pivot\n      // the data from [col][row] to [row][col]\n      for (let i = 0; i < actualRows; i++) {\n        innerAST[i][col] = splitCell[i]\n      }\n    }\n\n    // At this point we have one or more actual rows we have to build. The\n    // contents are already correctly padded and stored as [row][col] arrays\n    for (const rawRow of innerAST) {\n      rows.push('|' + rawRow.join('|') + '|')\n    }\n\n    // After the first (logical) row we need a header row, which we build here.\n    if (row === 0 && hasHeader) {\n      rows.push(header)\n    } else {\n      // All other lines are followed by a separator.\n      rows.push(sep)\n    }\n  }\n\n  return rows.join('\\n')\n}\n"]},"_coverageSchema":"1a1c01bbd47fc00a2c39e90264f33305004495a9","hash":"d06f77bea982b2e5769baadf1d9a4dbef8483011","contentHash":"24bb25a12ee90672e921df923f3b03f52875ffa5379bb8861a464b67179fa200"},"/Users/egrembocki/Documents/school/FA24/SWENG431/Zettlr-sweng431/source/common/modules/markdown-editor/table-editor/calculate-col-sizes.ts":{"path":"/Users/egrembocki/Documents/school/FA24/SWENG431/Zettlr-sweng431/source/common/modules/markdown-editor/table-editor/calculate-col-sizes.ts","statementMap":{"0":{"start":{"line":16,"column":0},"end":{"line":16,"column":62}},"1":{"start":{"line":17,"column":0},"end":{"line":17,"column":36}},"2":{"start":{"line":26,"column":18},"end":{"line":26,"column":20}},"3":{"start":{"line":27,"column":4},"end":{"line":41,"column":5}},"4":{"start":{"line":27,"column":19},"end":{"line":27,"column":20}},"5":{"start":{"line":28,"column":22},"end":{"line":28,"column":23}},"6":{"start":{"line":29,"column":8},"end":{"line":39,"column":9}},"7":{"start":{"line":29,"column":23},"end":{"line":29,"column":24}},"8":{"start":{"line":30,"column":25},"end":{"line":30,"column":38}},"9":{"start":{"line":31,"column":29},"end":{"line":31,"column":40}},"10":{"start":{"line":32,"column":12},"end":{"line":35,"column":13}},"11":{"start":{"line":34,"column":16},"end":{"line":34,"column":78}},"12":{"start":{"line":34,"column":67},"end":{"line":34,"column":75}},"13":{"start":{"line":36,"column":12},"end":{"line":38,"column":13}},"14":{"start":{"line":37,"column":16},"end":{"line":37,"column":37}},"15":{"start":{"line":40,"column":8},"end":{"line":40,"column":28}},"16":{"start":{"line":42,"column":4},"end":{"line":42,"column":17}}},"fnMap":{"0":{"name":"calculateColSizes","decl":{"start":{"line":25,"column":9},"end":{"line":25,"column":26}},"loc":{"start":{"line":25,"column":32},"end":{"line":43,"column":1}},"line":25},"1":{"name":"(anonymous_1)","decl":{"start":{"line":34,"column":62},"end":{"line":34,"column":63}},"loc":{"start":{"line":34,"column":67},"end":{"line":34,"column":75}},"line":34}},"branchMap":{"0":{"loc":{"start":{"line":32,"column":12},"end":{"line":35,"column":13}},"type":"if","locations":[{"start":{"line":32,"column":12},"end":{"line":35,"column":13}},{"start":{},"end":{}}],"line":32},"1":{"loc":{"start":{"line":36,"column":12},"end":{"line":38,"column":13}},"type":"if","locations":[{"start":{"line":36,"column":12},"end":{"line":38,"column":13}},{"start":{},"end":{}}],"line":36}},"s":{"0":1,"1":1,"2":6,"3":6,"4":6,"5":18,"6":18,"7":18,"8":40,"9":40,"10":40,"11":2,"12":4,"13":40,"14":18,"15":18,"16":6},"f":{"0":6,"1":4},"b":{"0":[2,38],"1":[18,22]},"inputSourceMap":{"version":3,"file":"/Users/egrembocki/Documents/school/FA24/SWENG431/Zettlr-sweng431/source/common/modules/markdown-editor/table-editor/calculate-col-sizes.ts","sources":["/Users/egrembocki/Documents/school/FA24/SWENG431/Zettlr-sweng431/source/common/modules/markdown-editor/table-editor/calculate-col-sizes.ts"],"names":[],"mappings":";AAAA;;;;;;;;;;;;;EAaE;;AASF,oCAmBC;AA1BD;;;;;;GAMG;AACH,SAAwB,iBAAiB,CAAE,GAAe;IACxD,MAAM,KAAK,GAAG,EAAE,CAAA;IAChB,KAAK,IAAI,GAAG,GAAG,CAAC,EAAE,GAAG,GAAG,GAAG,CAAC,CAAC,CAAC,CAAC,MAAM,EAAE,GAAG,EAAE,EAAE,CAAC;QAC7C,IAAI,OAAO,GAAG,CAAC,CAAA;QACf,KAAK,IAAI,GAAG,GAAG,CAAC,EAAE,GAAG,GAAG,GAAG,CAAC,MAAM,EAAE,GAAG,EAAE,EAAE,CAAC;YAC1C,MAAM,IAAI,GAAG,GAAG,CAAC,GAAG,CAAC,CAAC,GAAG,CAAC,CAAA;YAC1B,IAAI,UAAU,GAAG,IAAI,CAAC,MAAM,CAAA;YAC5B,IAAI,IAAI,CAAC,QAAQ,CAAC,IAAI,CAAC,EAAE,CAAC;gBACxB,6DAA6D;gBAC7D,UAAU,GAAG,IAAI,CAAC,GAAG,CAAC,GAAG,IAAI,CAAC,KAAK,CAAC,IAAI,CAAC,CAAC,GAAG,CAAC,CAAC,CAAC,EAAE,CAAC,CAAC,CAAC,MAAM,CAAC,CAAC,CAAA;YAC/D,CAAC;YAED,IAAI,UAAU,GAAG,OAAO,EAAE,CAAC;gBACzB,OAAO,GAAG,UAAU,CAAA;YACtB,CAAC;QACH,CAAC;QACD,KAAK,CAAC,IAAI,CAAC,OAAO,CAAC,CAAA;IACrB,CAAC;IACD,OAAO,KAAK,CAAA;AACd,CAAC","sourcesContent":["/**\n* @ignore\n* BEGIN HEADER\n*\n* Contains:        Utility function\n* CVM-Role:        Utility\n* Maintainer:      Hendrik Erz\n* License:         GNU GPL v3\n*\n* Description:     This function takes a table AST and calculates, for each\n*                  column, the maximum amount of characters.\n*\n* END HEADER\n*/\n\n/**\n * Calculates the maximum size (characters) of each column of a table AST\n *\n * @param   {string[][]}  ast  The AST\n *\n * @return  {number[]}       The maximum sizes for all columns\n */\nexport default function calculateColSizes (ast: string[][]): number[] {\n  const sizes = []\n  for (let col = 0; col < ast[0].length; col++) {\n    let colSize = 0\n    for (let row = 0; row < ast.length; row++) {\n      const cell = ast[row][col]\n      let cellLength = cell.length\n      if (cell.includes('\\n')) {\n        // Multi-line cell -> take the longest of the containing rows\n        cellLength = Math.max(...cell.split('\\n').map(x => x.length))\n      }\n\n      if (cellLength > colSize) {\n        colSize = cellLength\n      }\n    }\n    sizes.push(colSize)\n  }\n  return sizes\n}\n"]},"_coverageSchema":"1a1c01bbd47fc00a2c39e90264f33305004495a9","hash":"f8a9cd806fa7ad0f62d670626261b49cf68e21ad","contentHash":"207db0d3e8d2a91923a3a8f22f083272581250a71ab2a1f2630bcf9ac68c7c55"},"/Users/egrembocki/Documents/school/FA24/SWENG431/Zettlr-sweng431/source/common/modules/markdown-editor/table-editor/build-pipe.ts":{"path":"/Users/egrembocki/Documents/school/FA24/SWENG431/Zettlr-sweng431/source/common/modules/markdown-editor/table-editor/build-pipe.ts","statementMap":{"0":{"start":{"line":18,"column":22},"end":{"line":20,"column":1}},"1":{"start":{"line":19,"column":4},"end":{"line":19,"column":62}},"2":{"start":{"line":21,"column":0},"end":{"line":21,"column":62}},"3":{"start":{"line":22,"column":0},"end":{"line":22,"column":33}},"4":{"start":{"line":23,"column":30},"end":{"line":23,"column":79}},"5":{"start":{"line":25,"column":4},"end":{"line":27,"column":5}},"6":{"start":{"line":26,"column":8},"end":{"line":26,"column":81}},"7":{"start":{"line":29,"column":21},"end":{"line":29,"column":60}},"8":{"start":{"line":31,"column":17},"end":{"line":41,"column":6}},"9":{"start":{"line":32,"column":28},"end":{"line":39,"column":22}},"10":{"start":{"line":33,"column":12},"end":{"line":38,"column":13}},"11":{"start":{"line":34,"column":16},"end":{"line":34,"column":56}},"12":{"start":{"line":37,"column":16},"end":{"line":37,"column":54}},"13":{"start":{"line":40,"column":8},"end":{"line":40,"column":36}},"14":{"start":{"line":43,"column":30},"end":{"line":53,"column":16}},"15":{"start":{"line":44,"column":8},"end":{"line":52,"column":9}},"16":{"start":{"line":45,"column":12},"end":{"line":45,"column":40}},"17":{"start":{"line":47,"column":13},"end":{"line":52,"column":9}},"18":{"start":{"line":48,"column":12},"end":{"line":48,"column":48}},"19":{"start":{"line":51,"column":12},"end":{"line":51,"column":46}},"20":{"start":{"line":54,"column":22},"end":{"line":54,"column":46}},"21":{"start":{"line":55,"column":4},"end":{"line":55,"column":33}},"22":{"start":{"line":56,"column":4},"end":{"line":56,"column":27}}},"fnMap":{"0":{"name":"(anonymous_0)","decl":{"start":{"line":18,"column":56},"end":{"line":18,"column":57}},"loc":{"start":{"line":18,"column":71},"end":{"line":20,"column":1}},"line":18},"1":{"name":"buildPipeTable","decl":{"start":{"line":24,"column":9},"end":{"line":24,"column":23}},"loc":{"start":{"line":24,"column":43},"end":{"line":57,"column":1}},"line":24},"2":{"name":"(anonymous_2)","decl":{"start":{"line":31,"column":25},"end":{"line":31,"column":26}},"loc":{"start":{"line":31,"column":32},"end":{"line":41,"column":5}},"line":31},"3":{"name":"(anonymous_3)","decl":{"start":{"line":32,"column":36},"end":{"line":32,"column":37}},"loc":{"start":{"line":32,"column":50},"end":{"line":39,"column":9}},"line":32},"4":{"name":"(anonymous_4)","decl":{"start":{"line":43,"column":43},"end":{"line":43,"column":44}},"loc":{"start":{"line":43,"column":58},"end":{"line":53,"column":5}},"line":43}},"branchMap":{"0":{"loc":{"start":{"line":18,"column":22},"end":{"line":20,"column":1}},"type":"binary-expr","locations":[{"start":{"line":18,"column":23},"end":{"line":18,"column":27}},{"start":{"line":18,"column":31},"end":{"line":18,"column":51}},{"start":{"line":18,"column":56},"end":{"line":20,"column":1}}],"line":18},"1":{"loc":{"start":{"line":19,"column":11},"end":{"line":19,"column":61}},"type":"cond-expr","locations":[{"start":{"line":19,"column":37},"end":{"line":19,"column":40}},{"start":{"line":19,"column":43},"end":{"line":19,"column":61}}],"line":19},"2":{"loc":{"start":{"line":19,"column":12},"end":{"line":19,"column":33}},"type":"binary-expr","locations":[{"start":{"line":19,"column":12},"end":{"line":19,"column":15}},{"start":{"line":19,"column":19},"end":{"line":19,"column":33}}],"line":19},"3":{"loc":{"start":{"line":25,"column":4},"end":{"line":27,"column":5}},"type":"if","locations":[{"start":{"line":25,"column":4},"end":{"line":27,"column":5}},{"start":{},"end":{}}],"line":25},"4":{"loc":{"start":{"line":33,"column":12},"end":{"line":38,"column":13}},"type":"if","locations":[{"start":{"line":33,"column":12},"end":{"line":38,"column":13}},{"start":{"line":36,"column":17},"end":{"line":38,"column":13}}],"line":33},"5":{"loc":{"start":{"line":44,"column":8},"end":{"line":52,"column":9}},"type":"if","locations":[{"start":{"line":44,"column":8},"end":{"line":52,"column":9}},{"start":{"line":47,"column":13},"end":{"line":52,"column":9}}],"line":44},"6":{"loc":{"start":{"line":47,"column":13},"end":{"line":52,"column":9}},"type":"if","locations":[{"start":{"line":47,"column":13},"end":{"line":52,"column":9}},{"start":{"line":50,"column":13},"end":{"line":52,"column":9}}],"line":47}},"s":{"0":1,"1":1,"2":1,"3":1,"4":1,"5":3,"6":0,"7":3,"8":3,"9":7,"10":22,"11":2,"12":20,"13":7,"14":3,"15":9,"16":7,"17":2,"18":1,"19":1,"20":3,"21":3,"22":3},"f":{"0":1,"1":3,"2":7,"3":22,"4":9},"b":{"0":[1,1,1],"1":[1,0],"2":[1,1],"3":[0,3],"4":[2,20],"5":[7,2],"6":[1,1]},"inputSourceMap":{"version":3,"file":"/Users/egrembocki/Documents/school/FA24/SWENG431/Zettlr-sweng431/source/common/modules/markdown-editor/table-editor/build-pipe.ts","sources":["/Users/egrembocki/Documents/school/FA24/SWENG431/Zettlr-sweng431/source/common/modules/markdown-editor/table-editor/build-pipe.ts"],"names":[],"mappings":";AAAA;;;;;;;;;;;;;;;GAeG;;;;;AAKH,iCAmCC;AAtCD,gFAAqD;AAGrD,SAAwB,cAAc,CAAE,GAAe,EAAE,YAA4B;IACnF,IAAI,GAAG,CAAC,MAAM,GAAG,CAAC,EAAE,CAAC;QACnB,MAAM,IAAI,KAAK,CAAC,uDAAuD,CAAC,CAAA;IAC1E,CAAC;IAED,oCAAoC;IACpC,MAAM,QAAQ,GAAG,IAAA,6BAAiB,EAAC,GAAG,CAAC,CAAA;IAEvC,qDAAqD;IACrD,MAAM,IAAI,GAAG,GAAG,CAAC,GAAG,CAAC,GAAG,CAAC,EAAE;QACzB,MAAM,WAAW,GAAG,GAAG,CAAC,GAAG,CAAC,CAAC,GAAG,EAAE,GAAG,EAAE,EAAE;YACvC,IAAI,YAAY,CAAC,GAAG,CAAC,KAAK,OAAO,EAAE,CAAC;gBAClC,OAAO,GAAG,CAAC,QAAQ,CAAC,QAAQ,CAAC,GAAG,CAAC,EAAE,GAAG,CAAC,CAAA;YACzC,CAAC;iBAAM,CAAC;gBACN,OAAO,GAAG,CAAC,MAAM,CAAC,QAAQ,CAAC,GAAG,CAAC,EAAE,GAAG,CAAC,CAAA;YACvC,CAAC;QACH,CAAC,CAAC,CAAC,IAAI,CAAC,KAAK,CAAC,CAAA;QACd,OAAO,KAAK,WAAW,IAAI,CAAA;IAC7B,CAAC,CAAC,CAAA;IAEF,qDAAqD;IACrD,MAAM,iBAAiB,GAAG,QAAQ,CAAC,GAAG,CAAC,CAAC,IAAI,EAAE,GAAG,EAAE,EAAE;QACnD,IAAI,YAAY,CAAC,GAAG,CAAC,KAAK,MAAM,EAAE,CAAC;YACjC,OAAO,GAAG,CAAC,MAAM,CAAC,IAAI,GAAG,CAAC,CAAC,CAAA;QAC7B,CAAC;aAAM,IAAI,YAAY,CAAC,GAAG,CAAC,KAAK,QAAQ,EAAE,CAAC;YAC1C,OAAO,GAAG,GAAG,GAAG,CAAC,MAAM,CAAC,IAAI,CAAC,GAAG,GAAG,CAAA;QACrC,CAAC;aAAM,CAAC;YACN,OAAO,GAAG,CAAC,MAAM,CAAC,IAAI,GAAG,CAAC,CAAC,GAAG,GAAG,CAAA;QACnC,CAAC;IACH,CAAC,CAAC,CAAC,IAAI,CAAC,GAAG,CAAC,CAAA;IAEZ,MAAM,SAAS,GAAG,IAAI,iBAAiB,GAAG,CAAA;IAC1C,IAAI,CAAC,MAAM,CAAC,CAAC,EAAE,CAAC,EAAE,SAAS,CAAC,CAAA;IAE5B,OAAO,IAAI,CAAC,IAAI,CAAC,IAAI,CAAC,CAAA;AACxB,CAAC","sourcesContent":["/**\n * @ignore\n * BEGIN HEADER\n *\n * Contains:        TableHelper utility function\n * CVM-Role:        Utility\n * Maintainer:      Hendrik Erz\n * License:         GNU GPL v3\n *\n * Description:     This parser transforms pipe tables as specified\n *                  in the Pandoc manual into an AST and returns both\n *                  that and the column alignments.\n *                  Cf. https://pandoc.org/MANUAL.html#tables\n *\n * END HEADER\n */\n\nimport calculateColSizes from './calculate-col-sizes'\nimport type { ColAlignment } from './types'\n\nexport default function buildPipeTable (ast: string[][], colAlignment: ColAlignment[]): string {\n  if (ast.length < 2) {\n    throw new Error('Cannot build pipe table: Must have at least two rows.')\n  }\n\n  // First, calculate the column sizes\n  const colSizes = calculateColSizes(ast)\n\n  // Then, build the table in a quick MapReduce fashion\n  const rows = ast.map(row => {\n    const rowContents = row.map((col, idx) => {\n      if (colAlignment[idx] === 'right') {\n        return col.padStart(colSizes[idx], ' ')\n      } else {\n        return col.padEnd(colSizes[idx], ' ')\n      }\n    }).join(' | ')\n    return `| ${rowContents} |`\n  })\n\n  // Finally, insert the required header row at index 2\n  const headerRowContents = colSizes.map((size, idx) => {\n    if (colAlignment[idx] === 'left') {\n      return '-'.repeat(size + 2)\n    } else if (colAlignment[idx] === 'center') {\n      return ':' + '-'.repeat(size) + ':'\n    } else {\n      return '-'.repeat(size + 1) + ':'\n    }\n  }).join('|')\n\n  const headerRow = `|${headerRowContents}|`\n  rows.splice(1, 0, headerRow)\n\n  return rows.join('\\n')\n}\n"]},"_coverageSchema":"1a1c01bbd47fc00a2c39e90264f33305004495a9","hash":"5214e6dd37f2ce0940d8bddc37759d982ac4a10a","contentHash":"47d9f2aac209b44d0952d662fffc0ed9a769db9baa86fd9cd4864ffb4ca7225c"},"/Users/egrembocki/Documents/school/FA24/SWENG431/Zettlr-sweng431/source/common/util/compile-search-terms.ts":{"path":"/Users/egrembocki/Documents/school/FA24/SWENG431/Zettlr-sweng431/source/common/util/compile-search-terms.ts","statementMap":{"0":{"start":{"line":19,"column":0},"end":{"line":19,"column":62}},"1":{"start":{"line":20,"column":0},"end":{"line":20,"column":37}},"2":{"start":{"line":23,"column":20},"end":{"line":23,"column":22}},"3":{"start":{"line":24,"column":18},"end":{"line":24,"column":20}},"4":{"start":{"line":25,"column":19},"end":{"line":25,"column":24}},"5":{"start":{"line":26,"column":19},"end":{"line":26,"column":24}},"6":{"start":{"line":27,"column":4},"end":{"line":77,"column":5}},"7":{"start":{"line":27,"column":17},"end":{"line":27,"column":18}},"8":{"start":{"line":28,"column":18},"end":{"line":28,"column":32}},"9":{"start":{"line":29,"column":8},"end":{"line":75,"column":9}},"10":{"start":{"line":31,"column":12},"end":{"line":35,"column":13}},"11":{"start":{"line":32,"column":16},"end":{"line":32,"column":68}},"12":{"start":{"line":33,"column":16},"end":{"line":33,"column":29}},"13":{"start":{"line":34,"column":16},"end":{"line":34,"column":33}},"14":{"start":{"line":36,"column":12},"end":{"line":36,"column":21}},"15":{"start":{"line":38,"column":13},"end":{"line":75,"column":9}},"16":{"start":{"line":41,"column":12},"end":{"line":43,"column":13}},"17":{"start":{"line":42,"column":16},"end":{"line":42,"column":20}},"18":{"start":{"line":48,"column":12},"end":{"line":51,"column":13}},"19":{"start":{"line":49,"column":16},"end":{"line":49,"column":60}},"20":{"start":{"line":50,"column":16},"end":{"line":50,"column":32}},"21":{"start":{"line":52,"column":12},"end":{"line":52,"column":21}},"22":{"start":{"line":54,"column":13},"end":{"line":75,"column":9}},"23":{"start":{"line":55,"column":12},"end":{"line":66,"column":13}},"24":{"start":{"line":57,"column":16},"end":{"line":57,"column":32}},"25":{"start":{"line":60,"column":16},"end":{"line":60,"column":33}},"26":{"start":{"line":63,"column":16},"end":{"line":63,"column":61}},"27":{"start":{"line":64,"column":16},"end":{"line":64,"column":29}},"28":{"start":{"line":65,"column":16},"end":{"line":65,"column":33}},"29":{"start":{"line":67,"column":12},"end":{"line":67,"column":21}},"30":{"start":{"line":69,"column":13},"end":{"line":75,"column":9}},"31":{"start":{"line":73,"column":12},"end":{"line":73,"column":29}},"32":{"start":{"line":74,"column":12},"end":{"line":74,"column":21}},"33":{"start":{"line":76,"column":8},"end":{"line":76,"column":34}},"34":{"start":{"line":80,"column":4},"end":{"line":82,"column":5}},"35":{"start":{"line":81,"column":8},"end":{"line":81,"column":60}},"36":{"start":{"line":85,"column":20},"end":{"line":88,"column":5}},"37":{"start":{"line":89,"column":21},"end":{"line":89,"column":23}},"38":{"start":{"line":90,"column":4},"end":{"line":102,"column":5}},"39":{"start":{"line":90,"column":17},"end":{"line":90,"column":18}},"40":{"start":{"line":91,"column":8},"end":{"line":101,"column":9}},"41":{"start":{"line":92,"column":12},"end":{"line":96,"column":13}},"42":{"start":{"line":94,"column":16},"end":{"line":94,"column":41}},"43":{"start":{"line":95,"column":16},"end":{"line":95,"column":58}},"44":{"start":{"line":97,"column":12},"end":{"line":97,"column":38}},"45":{"start":{"line":100,"column":12},"end":{"line":100,"column":71}},"46":{"start":{"line":104,"column":4},"end":{"line":106,"column":5}},"47":{"start":{"line":105,"column":8},"end":{"line":105,"column":33}},"48":{"start":{"line":107,"column":4},"end":{"line":107,"column":20}}},"fnMap":{"0":{"name":"compileSearchTerms","decl":{"start":{"line":21,"column":9},"end":{"line":21,"column":27}},"loc":{"start":{"line":21,"column":34},"end":{"line":108,"column":1}},"line":21}},"branchMap":{"0":{"loc":{"start":{"line":29,"column":8},"end":{"line":75,"column":9}},"type":"if","locations":[{"start":{"line":29,"column":8},"end":{"line":75,"column":9}},{"start":{"line":38,"column":13},"end":{"line":75,"column":9}}],"line":29},"1":{"loc":{"start":{"line":29,"column":12},"end":{"line":29,"column":34}},"type":"binary-expr","locations":[{"start":{"line":29,"column":12},"end":{"line":29,"column":21}},{"start":{"line":29,"column":25},"end":{"line":29,"column":34}}],"line":29},"2":{"loc":{"start":{"line":31,"column":12},"end":{"line":35,"column":13}},"type":"if","locations":[{"start":{"line":31,"column":12},"end":{"line":35,"column":13}},{"start":{},"end":{}}],"line":31},"3":{"loc":{"start":{"line":38,"column":13},"end":{"line":75,"column":9}},"type":"if","locations":[{"start":{"line":38,"column":13},"end":{"line":75,"column":9}},{"start":{"line":54,"column":13},"end":{"line":75,"column":9}}],"line":38},"4":{"loc":{"start":{"line":41,"column":12},"end":{"line":43,"column":13}},"type":"if","locations":[{"start":{"line":41,"column":12},"end":{"line":43,"column":13}},{"start":{},"end":{}}],"line":41},"5":{"loc":{"start":{"line":48,"column":12},"end":{"line":51,"column":13}},"type":"if","locations":[{"start":{"line":48,"column":12},"end":{"line":51,"column":13}},{"start":{},"end":{}}],"line":48},"6":{"loc":{"start":{"line":54,"column":13},"end":{"line":75,"column":9}},"type":"if","locations":[{"start":{"line":54,"column":13},"end":{"line":75,"column":9}},{"start":{"line":69,"column":13},"end":{"line":75,"column":9}}],"line":54},"7":{"loc":{"start":{"line":55,"column":12},"end":{"line":66,"column":13}},"type":"if","locations":[{"start":{"line":55,"column":12},"end":{"line":66,"column":13}},{"start":{"line":59,"column":17},"end":{"line":66,"column":13}}],"line":55},"8":{"loc":{"start":{"line":69,"column":13},"end":{"line":75,"column":9}},"type":"if","locations":[{"start":{"line":69,"column":13},"end":{"line":75,"column":9}},{"start":{},"end":{}}],"line":69},"9":{"loc":{"start":{"line":69,"column":17},"end":{"line":69,"column":57}},"type":"binary-expr","locations":[{"start":{"line":69,"column":17},"end":{"line":69,"column":26}},{"start":{"line":69,"column":30},"end":{"line":69,"column":39}},{"start":{"line":69,"column":43},"end":{"line":69,"column":57}}],"line":69},"10":{"loc":{"start":{"line":80,"column":4},"end":{"line":82,"column":5}},"type":"if","locations":[{"start":{"line":80,"column":4},"end":{"line":82,"column":5}},{"start":{},"end":{}}],"line":80},"11":{"loc":{"start":{"line":91,"column":8},"end":{"line":101,"column":9}},"type":"if","locations":[{"start":{"line":91,"column":8},"end":{"line":101,"column":9}},{"start":{"line":99,"column":13},"end":{"line":101,"column":9}}],"line":91},"12":{"loc":{"start":{"line":92,"column":12},"end":{"line":96,"column":13}},"type":"if","locations":[{"start":{"line":92,"column":12},"end":{"line":96,"column":13}},{"start":{},"end":{}}],"line":92},"13":{"loc":{"start":{"line":104,"column":4},"end":{"line":106,"column":5}},"type":"if","locations":[{"start":{"line":104,"column":4},"end":{"line":106,"column":5}},{"start":{},"end":{}}],"line":104}},"s":{"0":1,"1":1,"2":8,"3":8,"4":8,"5":8,"6":8,"7":8,"8":164,"9":164,"10":12,"11":9,"12":9,"13":9,"14":12,"15":152,"16":3,"17":3,"18":3,"19":3,"20":3,"21":3,"22":149,"23":10,"24":5,"25":5,"26":5,"27":5,"28":5,"29":10,"30":139,"31":1,"32":1,"33":138,"34":8,"35":5,"36":8,"37":8,"38":8,"39":8,"40":19,"41":13,"42":2,"43":2,"44":13,"45":6,"46":8,"47":1,"48":8},"f":{"0":8},"b":{"0":[12,152],"1":[164,17],"2":[9,3],"3":[3,149],"4":[3,0],"5":[3,0],"6":[10,139],"7":[5,5],"8":[1,138],"9":[139,2,2],"10":[5,3],"11":[13,6],"12":[2,11],"13":[1,7]},"inputSourceMap":{"version":3,"file":"/Users/egrembocki/Documents/school/FA24/SWENG431/Zettlr-sweng431/source/common/util/compile-search-terms.ts","sources":["/Users/egrembocki/Documents/school/FA24/SWENG431/Zettlr-sweng431/source/common/util/compile-search-terms.ts"],"names":[],"mappings":";AAAA;;;;;;;;;;;;;;;;GAgBG;;AAIH,qCA4FC;AA5FD,SAAwB,kBAAkB,CAAE,IAAY;IACtD,2BAA2B;IAC3B,MAAM,OAAO,GAAiB,EAAE,CAAA;IAChC,IAAI,OAAO,GAAG,EAAE,CAAA;IAChB,IAAI,QAAQ,GAAG,KAAK,CAAA;IACpB,IAAI,QAAQ,GAAqB,KAAK,CAAA;IAEtC,KAAK,IAAI,CAAC,GAAG,CAAC,EAAE,CAAC,GAAG,IAAI,CAAC,MAAM,EAAE,CAAC,EAAE,EAAE,CAAC;QACrC,MAAM,CAAC,GAAG,IAAI,CAAC,MAAM,CAAC,CAAC,CAAC,CAAA;QACxB,IAAI,CAAC,KAAK,GAAG,IAAI,CAAC,QAAQ,EAAE,CAAC;YAC3B,0EAA0E;YAC1E,IAAI,OAAO,CAAC,IAAI,EAAE,KAAK,EAAE,EAAE,CAAC;gBAC1B,OAAO,CAAC,IAAI,CAAC,EAAE,KAAK,EAAE,CAAC,OAAO,CAAC,IAAI,EAAE,CAAC,EAAE,QAAQ,EAAE,CAAC,CAAA;gBACnD,OAAO,GAAG,EAAE,CAAA;gBACZ,QAAQ,GAAG,KAAK,CAAA,CAAC,qBAAqB;YACxC,CAAC;YACD,SAAQ;QACV,CAAC;aAAM,IAAI,CAAC,KAAK,GAAG,EAAE,CAAC;YACrB,wBAAwB;YACxB,+DAA+D;YAC/D,IAAI,IAAI,CAAC,MAAM,CAAC,CAAC,GAAG,CAAC,CAAC,KAAK,GAAG,EAAE,CAAC;gBAC/B,EAAE,CAAC,CAAA;YACL,CAAC;YAED,sEAAsE;YACtE,wEAAwE;YACxE,yEAAyE;YACzE,gEAAgE;YAChE,IAAI,OAAO,CAAC,MAAM,GAAG,CAAC,EAAE,CAAC;gBACvB,OAAO,CAAC,OAAO,CAAC,MAAM,GAAG,CAAC,CAAC,CAAC,QAAQ,GAAG,IAAI,CAAA;gBAC3C,QAAQ,GAAG,IAAI,CAAA;YACjB,CAAC;YACD,SAAQ;QACV,CAAC;aAAM,IAAI,CAAC,KAAK,GAAG,EAAE,CAAC;YACrB,IAAI,CAAC,QAAQ,EAAE,CAAC;gBACd,wBAAwB;gBACxB,QAAQ,GAAG,IAAI,CAAA;YACjB,CAAC;iBAAM,CAAC;gBACN,QAAQ,GAAG,KAAK,CAAA;gBAChB,mDAAmD;gBACnD,oDAAoD;gBACpD,OAAO,CAAC,IAAI,CAAC,EAAE,KAAK,EAAE,CAAC,OAAO,CAAC,EAAE,QAAQ,EAAE,CAAC,CAAA;gBAC5C,OAAO,GAAG,EAAE,CAAA;gBACZ,QAAQ,GAAG,KAAK,CAAA;YAClB,CAAC;YACD,SAAQ;QACV,CAAC;aAAM,IAAI,CAAC,KAAK,GAAG,IAAI,CAAC,QAAQ,IAAI,OAAO,KAAK,EAAE,EAAE,CAAC;YACpD,0DAA0D;YAC1D,yDAAyD;YACzD,mDAAmD;YACnD,QAAQ,GAAG,KAAK,CAAA;YAChB,SAAQ,CAAC,kCAAkC;QAC7C,CAAC;QAED,OAAO,IAAI,IAAI,CAAC,MAAM,CAAC,CAAC,CAAC,CAAA;IAC3B,CAAC;IAED,oDAAoD;IAEpD,2EAA2E;IAC3E,IAAI,OAAO,CAAC,IAAI,EAAE,KAAK,EAAE,EAAE,CAAC;QAC1B,OAAO,CAAC,IAAI,CAAC,EAAE,KAAK,EAAE,CAAC,OAAO,CAAC,IAAI,EAAE,CAAC,EAAE,QAAQ,EAAE,CAAC,CAAA;IACrD,CAAC;IAED,wCAAwC;IACxC,uDAAuD;IACvD,IAAI,SAAS,GAAe;QAC1B,QAAQ,EAAE,IAAI;QACd,KAAK,EAAE,EAAE;KACV,CAAA;IAED,MAAM,QAAQ,GAAiB,EAAE,CAAA;IAEjC,KAAK,IAAI,CAAC,GAAG,CAAC,EAAE,CAAC,GAAG,OAAO,CAAC,MAAM,EAAE,CAAC,EAAE,EAAE,CAAC;QACxC,IAAI,OAAO,CAAC,CAAC,CAAC,CAAC,QAAQ,KAAK,IAAI,EAAE,CAAC;YACjC,IAAI,SAAS,CAAC,KAAK,CAAC,MAAM,GAAG,CAAC,EAAE,CAAC;gBAC/B,kDAAkD;gBAClD,QAAQ,CAAC,IAAI,CAAC,SAAS,CAAC,CAAA;gBACxB,SAAS,GAAG,EAAE,QAAQ,EAAE,IAAI,EAAE,KAAK,EAAE,EAAE,EAAE,CAAA;YAC3C,CAAC;YACD,QAAQ,CAAC,IAAI,CAAC,OAAO,CAAC,CAAC,CAAC,CAAC,CAAA;QAC3B,CAAC;aAAM,CAAC;YACN,SAAS,CAAC,KAAK,GAAG,SAAS,CAAC,KAAK,CAAC,MAAM,CAAC,OAAO,CAAC,CAAC,CAAC,CAAC,KAAK,CAAC,CAAA;QAC5D,CAAC;IACH,CAAC;IAED,sCAAsC;IACtC,IAAI,SAAS,CAAC,KAAK,CAAC,MAAM,GAAG,CAAC,EAAE,CAAC;QAC/B,QAAQ,CAAC,IAAI,CAAC,SAAS,CAAC,CAAA;IAC1B,CAAC;IAED,OAAO,QAAQ,CAAA;AACjB,CAAC","sourcesContent":["/**\n * BEGIN HEADER\n *\n * Contains:        Utility function\n * CVM-Role:        <none>\n * Maintainer:      Hendrik Erz\n * License:         GNU GPL v3\n *\n * Description:     This function compiles a string of search terms.\n *\n *                  Supported operators:\n *                  * AND (space)\n *                  * OR (pipe, |)\n *                  * NOT (exclamation mark, !)\n *\n * END HEADER\n */\n\nimport type { SearchTerm } from '@dts/common/search'\n\nexport default function compileSearchTerms (term: string): SearchTerm[] {\n  // First sanitize the terms\n  const myTerms: SearchTerm[] = []\n  let curWord = ''\n  let hasExact = false\n  let operator: 'AND'|'OR'|'NOT' = 'AND'\n\n  for (let i = 0; i < term.length; i++) {\n    const c = term.charAt(i)\n    if (c === ' ' && !hasExact) {\n      // Spaces mark the end of one search term (except we're in an exact match)\n      if (curWord.trim() !== '') {\n        myTerms.push({ words: [curWord.trim()], operator })\n        curWord = ''\n        operator = 'AND' // Reset the operator\n      }\n      continue\n    } else if (c === '|') {\n      // We got an OR operator\n      // If the next character is a space, we can use a shortcut here\n      if (term.charAt(i + 1) === ' ') {\n        ++i\n      }\n\n      // We know additionally know that the previous operator was an or. But\n      // let's check that the user hasn't accidentally deleted one OR-word and\n      // now their current search STARTS with a pipe character. If not, we will\n      // disregard this OR character and treat what's coming as an AND\n      if (myTerms.length > 0) {\n        myTerms[myTerms.length - 1].operator = 'OR'\n        operator = 'OR'\n      }\n      continue\n    } else if (c === '\"') {\n      if (!hasExact) {\n        // Begin an exact phrase\n        hasExact = true\n      } else {\n        hasExact = false\n        // Do not trim the word to account for trailing and\n        // ending whitespace within an exact capturing group\n        myTerms.push({ words: [curWord], operator })\n        curWord = ''\n        operator = 'AND'\n      }\n      continue\n    } else if (c === '!' && !hasExact && curWord === '') {\n      // An exclamation mark only has meaning if it is preceeded\n      // by a space and not within an exact match. Preceeded by\n      // space is indicated by an empty curWord variable.\n      operator = 'NOT'\n      continue // We don't want the ! in the term\n    }\n\n    curWord += term.charAt(i)\n  }\n\n  // Now that we're through the search terms, clean up\n\n  // If there is a last word (in most cases it should be), add it to the list\n  if (curWord.trim() !== '') {\n    myTerms.push({ words: [curWord.trim()], operator })\n  }\n\n  // Now pack together all consecutive ORs\n  // to make it easier for the search in the main process\n  let currentOr: SearchTerm = {\n    operator: 'OR',\n    words: []\n  }\n\n  const newTerms: SearchTerm[] = []\n\n  for (let i = 0; i < myTerms.length; i++) {\n    if (myTerms[i].operator !== 'OR') {\n      if (currentOr.words.length > 0) {\n        // Duplicate object so that the words are retained\n        newTerms.push(currentOr)\n        currentOr = { operator: 'OR', words: [] }\n      }\n      newTerms.push(myTerms[i])\n    } else {\n      currentOr.words = currentOr.words.concat(myTerms[i].words)\n    }\n  }\n\n  // Now push the currentOr if not empty\n  if (currentOr.words.length > 0) {\n    newTerms.push(currentOr)\n  }\n\n  return newTerms\n}\n"]},"_coverageSchema":"1a1c01bbd47fc00a2c39e90264f33305004495a9","hash":"2c923d8adb3cd0a87c1f3f011eb8e8e9b83c6bb7","contentHash":"99f6b2736107f890f4d201ccc63761eb2140c90f8062a4398071961e19631f3a"},"/Users/egrembocki/Documents/school/FA24/SWENG431/Zettlr-sweng431/source/common/modules/markdown-utils/index.ts":{"path":"/Users/egrembocki/Documents/school/FA24/SWENG431/Zettlr-sweng431/source/common/modules/markdown-utils/index.ts","statementMap":{"0":{"start":{"line":16,"column":22},"end":{"line":18,"column":1}},"1":{"start":{"line":17,"column":4},"end":{"line":17,"column":62}},"2":{"start":{"line":19,"column":0},"end":{"line":19,"column":62}},"3":{"start":{"line":20,"column":0},"end":{"line":20,"column":25}},"4":{"start":{"line":21,"column":0},"end":{"line":21,"column":38}},"5":{"start":{"line":22,"column":0},"end":{"line":22,"column":42}},"6":{"start":{"line":23,"column":0},"end":{"line":23,"column":44}},"7":{"start":{"line":24,"column":26},"end":{"line":24,"column":108}},"8":{"start":{"line":25,"column":23},"end":{"line":25,"column":48}},"9":{"start":{"line":26,"column":25},"end":{"line":26,"column":54}},"10":{"start":{"line":27,"column":0},"end":{"line":27,"column":121}},"11":{"start":{"line":27,"column":81},"end":{"line":27,"column":115}},"12":{"start":{"line":45,"column":4},"end":{"line":48,"column":5}},"13":{"start":{"line":46,"column":27},"end":{"line":46,"column":80}},"14":{"start":{"line":47,"column":8},"end":{"line":47,"column":38}},"15":{"start":{"line":49,"column":16},"end":{"line":49,"column":69}},"16":{"start":{"line":50,"column":4},"end":{"line":50,"column":15}},"17":{"start":{"line":65,"column":4},"end":{"line":67,"column":5}},"18":{"start":{"line":66,"column":8},"end":{"line":66,"column":18}},"19":{"start":{"line":68,"column":4},"end":{"line":96,"column":5}},"20":{"start":{"line":69,"column":8},"end":{"line":69,"column":21}},"21":{"start":{"line":71,"column":9},"end":{"line":96,"column":5}},"22":{"start":{"line":72,"column":26},"end":{"line":72,"column":28}},"23":{"start":{"line":73,"column":8},"end":{"line":75,"column":9}},"24":{"start":{"line":74,"column":12},"end":{"line":74,"column":87}},"25":{"start":{"line":76,"column":8},"end":{"line":76,"column":27}},"26":{"start":{"line":78,"column":9},"end":{"line":96,"column":5}},"27":{"start":{"line":79,"column":26},"end":{"line":79,"column":28}},"28":{"start":{"line":80,"column":8},"end":{"line":82,"column":9}},"29":{"start":{"line":81,"column":12},"end":{"line":81,"column":86}},"30":{"start":{"line":83,"column":8},"end":{"line":83,"column":27}},"31":{"start":{"line":85,"column":9},"end":{"line":96,"column":5}},"32":{"start":{"line":86,"column":26},"end":{"line":86,"column":28}},"33":{"start":{"line":87,"column":8},"end":{"line":91,"column":9}},"34":{"start":{"line":88,"column":12},"end":{"line":90,"column":13}},"35":{"start":{"line":89,"column":16},"end":{"line":89,"column":90}},"36":{"start":{"line":92,"column":8},"end":{"line":92,"column":27}},"37":{"start":{"line":95,"column":8},"end":{"line":95,"column":18}},"38":{"start":{"line":110,"column":4},"end":{"line":112,"column":5}},"39":{"start":{"line":111,"column":8},"end":{"line":111,"column":18}},"40":{"start":{"line":113,"column":20},"end":{"line":113,"column":22}},"41":{"start":{"line":114,"column":4},"end":{"line":147,"column":5}},"42":{"start":{"line":115,"column":8},"end":{"line":115,"column":28}},"43":{"start":{"line":117,"column":9},"end":{"line":147,"column":5}},"44":{"start":{"line":118,"column":8},"end":{"line":118,"column":34}},"45":{"start":{"line":120,"column":9},"end":{"line":147,"column":5}},"46":{"start":{"line":121,"column":8},"end":{"line":123,"column":9}},"47":{"start":{"line":122,"column":12},"end":{"line":122,"column":74}},"48":{"start":{"line":125,"column":9},"end":{"line":147,"column":5}},"49":{"start":{"line":126,"column":8},"end":{"line":126,"column":32}},"50":{"start":{"line":127,"column":8},"end":{"line":129,"column":9}},"51":{"start":{"line":128,"column":12},"end":{"line":128,"column":38}},"52":{"start":{"line":131,"column":9},"end":{"line":147,"column":5}},"53":{"start":{"line":132,"column":8},"end":{"line":134,"column":9}},"54":{"start":{"line":133,"column":12},"end":{"line":133,"column":73}},"55":{"start":{"line":136,"column":9},"end":{"line":147,"column":5}},"56":{"start":{"line":137,"column":8},"end":{"line":139,"column":9}},"57":{"start":{"line":138,"column":12},"end":{"line":138,"column":74}},"58":{"start":{"line":141,"column":9},"end":{"line":147,"column":5}},"59":{"start":{"line":142,"column":8},"end":{"line":146,"column":9}},"60":{"start":{"line":143,"column":12},"end":{"line":145,"column":13}},"61":{"start":{"line":144,"column":16},"end":{"line":144,"column":77}},"62":{"start":{"line":148,"column":4},"end":{"line":148,"column":21}}},"fnMap":{"0":{"name":"(anonymous_0)","decl":{"start":{"line":16,"column":56},"end":{"line":16,"column":57}},"loc":{"start":{"line":16,"column":71},"end":{"line":18,"column":1}},"line":16},"1":{"name":"(anonymous_1)","decl":{"start":{"line":27,"column":67},"end":{"line":27,"column":68}},"loc":{"start":{"line":27,"column":79},"end":{"line":27,"column":117}},"line":27},"2":{"name":"markdownToAST","decl":{"start":{"line":44,"column":9},"end":{"line":44,"column":22}},"loc":{"start":{"line":44,"column":53},"end":{"line":51,"column":1}},"line":44},"3":{"name":"extractASTNodes","decl":{"start":{"line":64,"column":9},"end":{"line":64,"column":24}},"loc":{"start":{"line":64,"column":48},"end":{"line":97,"column":1}},"line":64},"4":{"name":"extractTextnodes","decl":{"start":{"line":109,"column":9},"end":{"line":109,"column":25}},"loc":{"start":{"line":109,"column":39},"end":{"line":149,"column":1}},"line":109}},"branchMap":{"0":{"loc":{"start":{"line":16,"column":22},"end":{"line":18,"column":1}},"type":"binary-expr","locations":[{"start":{"line":16,"column":23},"end":{"line":16,"column":27}},{"start":{"line":16,"column":31},"end":{"line":16,"column":51}},{"start":{"line":16,"column":56},"end":{"line":18,"column":1}}],"line":16},"1":{"loc":{"start":{"line":17,"column":11},"end":{"line":17,"column":61}},"type":"cond-expr","locations":[{"start":{"line":17,"column":37},"end":{"line":17,"column":40}},{"start":{"line":17,"column":43},"end":{"line":17,"column":61}}],"line":17},"2":{"loc":{"start":{"line":17,"column":12},"end":{"line":17,"column":33}},"type":"binary-expr","locations":[{"start":{"line":17,"column":12},"end":{"line":17,"column":15}},{"start":{"line":17,"column":19},"end":{"line":17,"column":33}}],"line":17},"3":{"loc":{"start":{"line":45,"column":4},"end":{"line":48,"column":5}},"type":"if","locations":[{"start":{"line":45,"column":4},"end":{"line":48,"column":5}},{"start":{},"end":{}}],"line":45},"4":{"loc":{"start":{"line":65,"column":4},"end":{"line":67,"column":5}},"type":"if","locations":[{"start":{"line":65,"column":4},"end":{"line":67,"column":5}},{"start":{},"end":{}}],"line":65},"5":{"loc":{"start":{"line":65,"column":8},"end":{"line":65,"column":44}},"type":"binary-expr","locations":[{"start":{"line":65,"column":8},"end":{"line":65,"column":28}},{"start":{"line":65,"column":32},"end":{"line":65,"column":44}}],"line":65},"6":{"loc":{"start":{"line":68,"column":4},"end":{"line":96,"column":5}},"type":"if","locations":[{"start":{"line":68,"column":4},"end":{"line":96,"column":5}},{"start":{"line":71,"column":9},"end":{"line":96,"column":5}}],"line":68},"7":{"loc":{"start":{"line":71,"column":9},"end":{"line":96,"column":5}},"type":"if","locations":[{"start":{"line":71,"column":9},"end":{"line":96,"column":5}},{"start":{"line":78,"column":9},"end":{"line":96,"column":5}}],"line":71},"8":{"loc":{"start":{"line":71,"column":13},"end":{"line":71,"column":147}},"type":"binary-expr","locations":[{"start":{"line":71,"column":13},"end":{"line":71,"column":39}},{"start":{"line":71,"column":43},"end":{"line":71,"column":67}},{"start":{"line":71,"column":71},"end":{"line":71,"column":94}},{"start":{"line":71,"column":98},"end":{"line":71,"column":120}},{"start":{"line":71,"column":124},"end":{"line":71,"column":147}}],"line":71},"9":{"loc":{"start":{"line":78,"column":9},"end":{"line":96,"column":5}},"type":"if","locations":[{"start":{"line":78,"column":9},"end":{"line":96,"column":5}},{"start":{"line":85,"column":9},"end":{"line":96,"column":5}}],"line":78},"10":{"loc":{"start":{"line":78,"column":13},"end":{"line":78,"column":68}},"type":"binary-expr","locations":[{"start":{"line":78,"column":13},"end":{"line":78,"column":39}},{"start":{"line":78,"column":43},"end":{"line":78,"column":68}}],"line":78},"11":{"loc":{"start":{"line":85,"column":9},"end":{"line":96,"column":5}},"type":"if","locations":[{"start":{"line":85,"column":9},"end":{"line":96,"column":5}},{"start":{"line":94,"column":9},"end":{"line":96,"column":5}}],"line":85},"12":{"loc":{"start":{"line":110,"column":4},"end":{"line":112,"column":5}},"type":"if","locations":[{"start":{"line":110,"column":4},"end":{"line":112,"column":5}},{"start":{},"end":{}}],"line":110},"13":{"loc":{"start":{"line":110,"column":8},"end":{"line":110,"column":44}},"type":"binary-expr","locations":[{"start":{"line":110,"column":8},"end":{"line":110,"column":28}},{"start":{"line":110,"column":32},"end":{"line":110,"column":44}}],"line":110},"14":{"loc":{"start":{"line":114,"column":4},"end":{"line":147,"column":5}},"type":"if","locations":[{"start":{"line":114,"column":4},"end":{"line":147,"column":5}},{"start":{"line":117,"column":9},"end":{"line":147,"column":5}}],"line":114},"15":{"loc":{"start":{"line":117,"column":9},"end":{"line":147,"column":5}},"type":"if","locations":[{"start":{"line":117,"column":9},"end":{"line":147,"column":5}},{"start":{"line":120,"column":9},"end":{"line":147,"column":5}}],"line":117},"16":{"loc":{"start":{"line":120,"column":9},"end":{"line":147,"column":5}},"type":"if","locations":[{"start":{"line":120,"column":9},"end":{"line":147,"column":5}},{"start":{"line":125,"column":9},"end":{"line":147,"column":5}}],"line":120},"17":{"loc":{"start":{"line":120,"column":13},"end":{"line":120,"column":94}},"type":"binary-expr","locations":[{"start":{"line":120,"column":13},"end":{"line":120,"column":39}},{"start":{"line":120,"column":43},"end":{"line":120,"column":67}},{"start":{"line":120,"column":71},"end":{"line":120,"column":94}}],"line":120},"18":{"loc":{"start":{"line":125,"column":9},"end":{"line":147,"column":5}},"type":"if","locations":[{"start":{"line":125,"column":9},"end":{"line":147,"column":5}},{"start":{"line":131,"column":9},"end":{"line":147,"column":5}}],"line":125},"19":{"loc":{"start":{"line":125,"column":13},"end":{"line":125,"column":56}},"type":"binary-expr","locations":[{"start":{"line":125,"column":13},"end":{"line":125,"column":33}},{"start":{"line":125,"column":37},"end":{"line":125,"column":56}}],"line":125},"20":{"loc":{"start":{"line":127,"column":8},"end":{"line":129,"column":9}},"type":"if","locations":[{"start":{"line":127,"column":8},"end":{"line":129,"column":9}},{"start":{},"end":{}}],"line":127},"21":{"loc":{"start":{"line":131,"column":9},"end":{"line":147,"column":5}},"type":"if","locations":[{"start":{"line":131,"column":9},"end":{"line":147,"column":5}},{"start":{"line":136,"column":9},"end":{"line":147,"column":5}}],"line":131},"22":{"loc":{"start":{"line":131,"column":13},"end":{"line":131,"column":68}},"type":"binary-expr","locations":[{"start":{"line":131,"column":13},"end":{"line":131,"column":39}},{"start":{"line":131,"column":43},"end":{"line":131,"column":68}}],"line":131},"23":{"loc":{"start":{"line":136,"column":9},"end":{"line":147,"column":5}},"type":"if","locations":[{"start":{"line":136,"column":9},"end":{"line":147,"column":5}},{"start":{"line":141,"column":9},"end":{"line":147,"column":5}}],"line":136},"24":{"loc":{"start":{"line":136,"column":13},"end":{"line":136,"column":62}},"type":"binary-expr","locations":[{"start":{"line":136,"column":13},"end":{"line":136,"column":35}},{"start":{"line":136,"column":39},"end":{"line":136,"column":62}}],"line":136},"25":{"loc":{"start":{"line":141,"column":9},"end":{"line":147,"column":5}},"type":"if","locations":[{"start":{"line":141,"column":9},"end":{"line":147,"column":5}},{"start":{},"end":{}}],"line":141}},"s":{"0":1,"1":1,"2":1,"3":1,"4":1,"5":1,"6":1,"7":1,"8":1,"9":1,"10":1,"11":0,"12":20,"13":20,"14":20,"15":20,"16":20,"17":34,"18":0,"19":34,"20":4,"21":30,"22":8,"23":8,"24":32,"25":8,"26":22,"27":0,"28":0,"29":0,"30":0,"31":22,"32":0,"33":0,"34":0,"35":0,"36":0,"37":22,"38":156,"39":0,"40":156,"41":156,"42":42,"43":114,"44":8,"45":106,"46":12,"47":24,"48":94,"49":0,"50":0,"51":0,"52":94,"53":4,"54":12,"55":90,"56":88,"57":102,"58":2,"59":0,"60":0,"61":0,"62":156},"f":{"0":1,"1":0,"2":20,"3":34,"4":156},"b":{"0":[1,1,1],"1":[1,0],"2":[1,1],"3":[20,0],"4":[0,34],"5":[34,0],"6":[4,30],"7":[8,22],"8":[30,30,30,30,22],"9":[0,22],"10":[22,22],"11":[0,22],"12":[0,156],"13":[156,0],"14":[42,114],"15":[8,106],"16":[12,94],"17":[106,106,106],"18":[0,94],"19":[94,94],"20":[0,0],"21":[4,90],"22":[94,94],"23":[88,2],"24":[90,14],"25":[0,2]},"inputSourceMap":{"version":3,"file":"/Users/egrembocki/Documents/school/FA24/SWENG431/Zettlr-sweng431/source/common/modules/markdown-utils/index.ts","sources":["/Users/egrembocki/Documents/school/FA24/SWENG431/Zettlr-sweng431/source/common/modules/markdown-utils/index.ts"],"names":[],"mappings":";AAAA;;;;;;;;;;;;;GAaG;;;;;;AAwBH,sCAOC;AAcD,0CA8BC;AAaD,4CAmCC;AAzHD,6GAAkH;AAClH,iDAAyF;AAGzF,uDAA4C;AAAnC,2GAAA,OAAO,OAAA;AAEhB;;;;;;;;;;;;;;;GAeG;AACH,SAAgB,aAAa,CAAE,QAAgB,EAAE,IAAW,EAAE,YAAmC;IAC/F,IAAI,IAAI,KAAK,SAAS,EAAE,CAAC;QACvB,MAAM,EAAE,MAAM,EAAE,GAAG,IAAA,yBAAc,EAAC,YAAY,CAAC,CAAC,QAAQ,CAAA;QACxD,IAAI,GAAG,MAAM,CAAC,KAAK,CAAC,QAAQ,CAAC,CAAA;IAC/B,CAAC;IACD,MAAM,GAAG,GAAG,IAAA,wBAAS,EAAC,IAAI,CAAC,OAAO,EAAE,QAAQ,CAAC,CAAA;IAC7C,OAAO,GAAG,CAAA;AACZ,CAAC;AAED;;;;;;;;;;;GAWG;AACH,SAAgB,eAAe,CAAE,GAAY,EAAE,QAAqB,EAAE,MAAmC;IACvG,IAAI,MAAM,KAAK,SAAS,IAAI,CAAC,MAAM,CAAC,GAAG,CAAC,EAAE,CAAC;QACzC,OAAO,EAAE,CAAA;IACX,CAAC;IAED,IAAI,GAAG,CAAC,IAAI,KAAK,QAAQ,EAAE,CAAC;QAC1B,OAAO,CAAC,GAAG,CAAC,CAAA;IACd,CAAC;SAAM,IAAI,GAAG,CAAC,IAAI,KAAK,aAAa,IAAI,GAAG,CAAC,IAAI,KAAK,WAAW,IAAI,GAAG,CAAC,IAAI,KAAK,UAAU,IAAI,GAAG,CAAC,IAAI,KAAK,SAAS,IAAI,GAAG,CAAC,IAAI,KAAK,UAAU,EAAE,CAAC;QAClJ,IAAI,WAAW,GAAc,EAAE,CAAA;QAC/B,KAAK,MAAM,KAAK,IAAI,GAAG,CAAC,QAAQ,EAAE,CAAC;YACjC,WAAW,GAAG,WAAW,CAAC,MAAM,CAAC,eAAe,CAAC,KAAK,EAAE,QAAQ,EAAE,MAAM,CAAC,CAAC,CAAA;QAC5E,CAAC;QACD,OAAO,WAAW,CAAA;IACpB,CAAC;SAAM,IAAI,GAAG,CAAC,IAAI,KAAK,aAAa,IAAI,GAAG,CAAC,IAAI,KAAK,YAAY,EAAE,CAAC;QACnE,IAAI,WAAW,GAAc,EAAE,CAAA;QAC/B,KAAK,MAAM,IAAI,IAAI,GAAG,CAAC,KAAK,EAAE,CAAC;YAC7B,WAAW,GAAG,WAAW,CAAC,MAAM,CAAC,eAAe,CAAC,IAAI,EAAE,QAAQ,EAAE,MAAM,CAAC,CAAC,CAAA;QAC3E,CAAC;QACD,OAAO,WAAW,CAAA;IACpB,CAAC;SAAM,IAAI,GAAG,CAAC,IAAI,KAAK,OAAO,EAAE,CAAC;QAChC,IAAI,WAAW,GAAc,EAAE,CAAA;QAC/B,KAAK,MAAM,GAAG,IAAI,GAAG,CAAC,IAAI,EAAE,CAAC;YAC3B,KAAK,MAAM,IAAI,IAAI,GAAG,CAAC,KAAK,EAAE,CAAC;gBAC7B,WAAW,GAAG,WAAW,CAAC,MAAM,CAAC,eAAe,CAAC,IAAI,EAAE,QAAQ,EAAE,MAAM,CAAC,CAAC,CAAA;YAC3E,CAAC;QACH,CAAC;QACD,OAAO,WAAW,CAAA;IACpB,CAAC;SAAM,CAAC;QACN,OAAO,EAAE,CAAA;IACX,CAAC;AACH,CAAC;AAED;;;;;;;;;;GAUG;AACH,SAAgB,gBAAgB,CAAE,GAAY,EAAE,MAAmC;IACjF,IAAI,MAAM,KAAK,SAAS,IAAI,CAAC,MAAM,CAAC,GAAG,CAAC,EAAE,CAAC;QACzC,OAAO,EAAE,CAAA;IACX,CAAC;IAED,IAAI,SAAS,GAAe,EAAE,CAAA;IAC9B,IAAI,GAAG,CAAC,IAAI,KAAK,MAAM,EAAE,CAAC;QACxB,SAAS,CAAC,IAAI,CAAC,GAAG,CAAC,CAAA;IACrB,CAAC;SAAM,IAAI,GAAG,CAAC,IAAI,KAAK,SAAS,EAAE,CAAC;QAClC,SAAS,CAAC,IAAI,CAAC,GAAG,CAAC,KAAK,CAAC,CAAA;IAC3B,CAAC;SAAM,IAAI,GAAG,CAAC,IAAI,KAAK,aAAa,IAAI,GAAG,CAAC,IAAI,KAAK,WAAW,IAAI,GAAG,CAAC,IAAI,KAAK,UAAU,EAAE,CAAC;QAC7F,KAAK,MAAM,KAAK,IAAI,GAAG,CAAC,QAAQ,EAAE,CAAC;YACjC,SAAS,GAAG,SAAS,CAAC,MAAM,CAAC,gBAAgB,CAAC,KAAK,EAAE,MAAM,CAAC,CAAC,CAAA;QAC/D,CAAC;IACH,CAAC;SAAM,IAAI,GAAG,CAAC,IAAI,KAAK,OAAO,IAAI,GAAG,CAAC,IAAI,KAAK,MAAM,EAAE,CAAC;QACvD,SAAS,CAAC,IAAI,CAAC,GAAG,CAAC,GAAG,CAAC,CAAA;QACvB,IAAI,GAAG,CAAC,KAAK,KAAK,SAAS,EAAE,CAAC;YAC5B,SAAS,CAAC,IAAI,CAAC,GAAG,CAAC,KAAK,CAAC,CAAA;QAC3B,CAAC;IACH,CAAC;SAAM,IAAI,GAAG,CAAC,IAAI,KAAK,aAAa,IAAI,GAAG,CAAC,IAAI,KAAK,YAAY,EAAE,CAAC;QACnE,KAAK,MAAM,IAAI,IAAI,GAAG,CAAC,KAAK,EAAE,CAAC;YAC7B,SAAS,GAAG,SAAS,CAAC,MAAM,CAAC,gBAAgB,CAAC,IAAI,EAAE,MAAM,CAAC,CAAC,CAAA;QAC9D,CAAC;IACH,CAAC;SAAM,IAAI,GAAG,CAAC,IAAI,KAAK,SAAS,IAAI,GAAG,CAAC,IAAI,KAAK,UAAU,EAAE,CAAC;QAC7D,KAAK,MAAM,KAAK,IAAI,GAAG,CAAC,QAAQ,EAAE,CAAC;YACjC,SAAS,GAAG,SAAS,CAAC,MAAM,CAAC,gBAAgB,CAAC,KAAK,EAAE,MAAM,CAAC,CAAC,CAAA;QAC/D,CAAC;IACH,CAAC;SAAM,IAAI,GAAG,CAAC,IAAI,KAAK,OAAO,EAAE,CAAC;QAChC,KAAK,MAAM,GAAG,IAAI,GAAG,CAAC,IAAI,EAAE,CAAC;YAC3B,KAAK,MAAM,IAAI,IAAI,GAAG,CAAC,KAAK,EAAE,CAAC;gBAC7B,SAAS,GAAG,SAAS,CAAC,MAAM,CAAC,gBAAgB,CAAC,IAAI,EAAE,MAAM,CAAC,CAAC,CAAA;YAC9D,CAAC;QACH,CAAC;IACH,CAAC;IACD,OAAO,SAAS,CAAA;AAClB,CAAC","sourcesContent":["/**\n * @ignore\n * BEGIN HEADER\n *\n * Contains:        Markdown Utilities\n * CVM-Role:        Utility Functions\n * Maintainer:      Hendrik Erz\n * License:         GNU GPL v3\n *\n * Description:     This is the main entry file for various Markdown utilities\n *                  needed throughout the app.\n *\n * END HEADER\n */\n\nimport markdownParser, { type MarkdownParserConfig } from '@common/modules/markdown-editor/parser/markdown-parser'\nimport { parseNode, type ASTNode, type ASTNodeType, type TextNode } from './markdown-ast'\nimport { type Tree } from '@lezer/common'\n\nexport { md2html } from './markdown-to-html'\n\n/**\n * Converts a Markdown string into an AST, utilizing the CodeMirror Markdown\n * parser for the heavy lifting. This effectively takes a Lezer tree and\n * converts it to a custom Markdown AST implementation.\n *\n * @param   {string}   markdown  The Markdown source\n * @param   {Tree}     tree      Optional: If you already have a parsed tree,\n *                               you can pass it here to save some time re-\n *                               parsing the source. Please NOTE: If you pass in\n *                               a tree, you MUST pass the full Markdown source\n *                               that has been used to generate the parse tree,\n *                               since otherwise the offsets in the parse tree\n *                               will be wrong!\n *\n * @return  {ASTNode}            The root node of the AST\n */\nexport function markdownToAST (markdown: string, tree?: Tree, parserConfig?: MarkdownParserConfig): ASTNode {\n  if (tree === undefined) {\n    const { parser } = markdownParser(parserConfig).language\n    tree = parser.parse(markdown)\n  }\n  const ast = parseNode(tree.topNode, markdown)\n  return ast\n}\n\n/**\n * Extracts arbitrary AST nodes. Providing a NodeType that is not used within\n * the AST will return an empty array.\n *\n * @param   {ASTNode}      ast       The AST to extract nodes from\n * @param   {ASTNodeType}  nodeType  The Node type to query\n * @param   {Function}     filter    An optional filter. Receives a node and\n *                                   returns a boolean indicating if the node\n *                                   should be visited.\n *\n * @return  {ASTNode[]}              An array of all found nodes\n */\nexport function extractASTNodes (ast: ASTNode, nodeType: ASTNodeType, filter?: (node: ASTNode) => boolean): ASTNode[] {\n  if (filter !== undefined && !filter(ast)) {\n    return []\n  }\n\n  if (ast.type === nodeType) {\n    return [ast]\n  } else if (ast.type === 'FootnoteRef' || ast.type === 'Highlight' || ast.type === 'ListItem' || ast.type === 'Generic' || ast.type === 'Emphasis') {\n    let returnNodes: ASTNode[] = []\n    for (const child of ast.children) {\n      returnNodes = returnNodes.concat(extractASTNodes(child, nodeType, filter))\n    }\n    return returnNodes\n  } else if (ast.type === 'OrderedList' || ast.type === 'BulletList') {\n    let returnNodes: ASTNode[] = []\n    for (const item of ast.items) {\n      returnNodes = returnNodes.concat(extractASTNodes(item, nodeType, filter))\n    }\n    return returnNodes\n  } else if (ast.type === 'Table') {\n    let returnNodes: ASTNode[] = []\n    for (const row of ast.rows) {\n      for (const cell of row.cells) {\n        returnNodes = returnNodes.concat(extractASTNodes(cell, nodeType, filter))\n      }\n    }\n    return returnNodes\n  } else {\n    return []\n  }\n}\n\n/**\n * Extracts all text nodes from a Markdown AST. Can be used for spellchecking,\n * for example. An optional filter can be provided to exclude text nodes from\n * those nodes that should not be extracted.\n *\n * @param   {ASTNode[]}   ast     The AST root.\n * @param   {Function}    filter  A function that receives an ASTNode and should\n *                                return false if the node should be excluded.\n *\n * @return  {TextNode[]}          A list of all text nodes\n */\nexport function extractTextnodes (ast: ASTNode, filter?: (node: ASTNode) => boolean): TextNode[] {\n  if (filter !== undefined && !filter(ast)) {\n    return []\n  }\n\n  let textNodes: TextNode[] = []\n  if (ast.type === 'Text') {\n    textNodes.push(ast)\n  } else if (ast.type === 'Heading') {\n    textNodes.push(ast.value)\n  } else if (ast.type === 'FootnoteRef' || ast.type === 'Highlight' || ast.type === 'ListItem') {\n    for (const child of ast.children) {\n      textNodes = textNodes.concat(extractTextnodes(child, filter))\n    }\n  } else if (ast.type === 'Image' || ast.type === 'Link') {\n    textNodes.push(ast.alt)\n    if (ast.title !== undefined) {\n      textNodes.push(ast.title)\n    }\n  } else if (ast.type === 'OrderedList' || ast.type === 'BulletList') {\n    for (const item of ast.items) {\n      textNodes = textNodes.concat(extractTextnodes(item, filter))\n    }\n  } else if (ast.type === 'Generic' || ast.type === 'Emphasis') {\n    for (const child of ast.children) {\n      textNodes = textNodes.concat(extractTextnodes(child, filter))\n    }\n  } else if (ast.type === 'Table') {\n    for (const row of ast.rows) {\n      for (const cell of row.cells) {\n        textNodes = textNodes.concat(extractTextnodes(cell, filter))\n      }\n    }\n  }\n  return textNodes\n}\n"]},"_coverageSchema":"1a1c01bbd47fc00a2c39e90264f33305004495a9","hash":"97d80c89966036def2abb2d2789bd0583571264a","contentHash":"982fb219fff9af909c00fcd38ccdec3da2a184c01fc690716f1c556473384c9d"},"/Users/egrembocki/Documents/school/FA24/SWENG431/Zettlr-sweng431/source/common/modules/markdown-editor/parser/markdown-parser.ts":{"path":"/Users/egrembocki/Documents/school/FA24/SWENG431/Zettlr-sweng431/source/common/modules/markdown-editor/parser/markdown-parser.ts","statementMap":{"0":{"start":{"line":17,"column":0},"end":{"line":17,"column":62}},"1":{"start":{"line":18,"column":0},"end":{"line":18,"column":33}},"2":{"start":{"line":19,"column":22},"end":{"line":19,"column":52}},"3":{"start":{"line":20,"column":19},"end":{"line":20,"column":50}},"4":{"start":{"line":22,"column":24},"end":{"line":22,"column":60}},"5":{"start":{"line":23,"column":19},"end":{"line":23,"column":50}},"6":{"start":{"line":24,"column":22},"end":{"line":24,"column":56}},"7":{"start":{"line":25,"column":19},"end":{"line":25,"column":50}},"8":{"start":{"line":26,"column":26},"end":{"line":26,"column":64}},"9":{"start":{"line":27,"column":20},"end":{"line":27,"column":52}},"10":{"start":{"line":28,"column":20},"end":{"line":28,"column":52}},"11":{"start":{"line":30,"column":16},"end":{"line":30,"column":62}},"12":{"start":{"line":31,"column":18},"end":{"line":31,"column":66}},"13":{"start":{"line":32,"column":16},"end":{"line":32,"column":62}},"14":{"start":{"line":33,"column":14},"end":{"line":33,"column":58}},"15":{"start":{"line":34,"column":17},"end":{"line":34,"column":64}},"16":{"start":{"line":35,"column":18},"end":{"line":35,"column":66}},"17":{"start":{"line":36,"column":18},"end":{"line":36,"column":66}},"18":{"start":{"line":37,"column":14},"end":{"line":37,"column":58}},"19":{"start":{"line":38,"column":14},"end":{"line":38,"column":58}},"20":{"start":{"line":39,"column":15},"end":{"line":39,"column":60}},"21":{"start":{"line":40,"column":12},"end":{"line":40,"column":54}},"22":{"start":{"line":41,"column":15},"end":{"line":41,"column":60}},"23":{"start":{"line":42,"column":14},"end":{"line":42,"column":58}},"24":{"start":{"line":43,"column":16},"end":{"line":43,"column":62}},"25":{"start":{"line":44,"column":16},"end":{"line":44,"column":62}},"26":{"start":{"line":45,"column":13},"end":{"line":45,"column":56}},"27":{"start":{"line":46,"column":13},"end":{"line":46,"column":56}},"28":{"start":{"line":47,"column":15},"end":{"line":47,"column":60}},"29":{"start":{"line":48,"column":16},"end":{"line":48,"column":62}},"30":{"start":{"line":49,"column":15},"end":{"line":49,"column":60}},"31":{"start":{"line":50,"column":17},"end":{"line":50,"column":64}},"32":{"start":{"line":51,"column":17},"end":{"line":51,"column":64}},"33":{"start":{"line":52,"column":18},"end":{"line":52,"column":66}},"34":{"start":{"line":53,"column":15},"end":{"line":53,"column":60}},"35":{"start":{"line":54,"column":14},"end":{"line":54,"column":58}},"36":{"start":{"line":55,"column":17},"end":{"line":55,"column":64}},"37":{"start":{"line":56,"column":21},"end":{"line":56,"column":72}},"38":{"start":{"line":57,"column":21},"end":{"line":57,"column":72}},"39":{"start":{"line":58,"column":20},"end":{"line":58,"column":70}},"40":{"start":{"line":59,"column":15},"end":{"line":59,"column":60}},"41":{"start":{"line":60,"column":21},"end":{"line":60,"column":72}},"42":{"start":{"line":61,"column":15},"end":{"line":61,"column":60}},"43":{"start":{"line":62,"column":17},"end":{"line":62,"column":64}},"44":{"start":{"line":63,"column":14},"end":{"line":63,"column":58}},"45":{"start":{"line":64,"column":17},"end":{"line":64,"column":64}},"46":{"start":{"line":66,"column":26},"end":{"line":66,"column":54}},"47":{"start":{"line":67,"column":26},"end":{"line":67,"column":54}},"48":{"start":{"line":68,"column":29},"end":{"line":68,"column":60}},"49":{"start":{"line":69,"column":22},"end":{"line":69,"column":46}},"50":{"start":{"line":70,"column":24},"end":{"line":70,"column":50}},"51":{"start":{"line":71,"column":30},"end":{"line":71,"column":62}},"52":{"start":{"line":72,"column":26},"end":{"line":72,"column":54}},"53":{"start":{"line":73,"column":35},"end":{"line":73,"column":72}},"54":{"start":{"line":74,"column":27},"end":{"line":74,"column":56}},"55":{"start":{"line":75,"column":25},"end":{"line":75,"column":52}},"56":{"start":{"line":76,"column":22},"end":{"line":138,"column":1}},"57":{"start":{"line":82,"column":72},"end":{"line":82,"column":91}},"58":{"start":{"line":82,"column":92},"end":{"line":82,"column":104}},"59":{"start":{"line":145,"column":4},"end":{"line":217,"column":7}},"60":{"start":{"line":151,"column":26},"end":{"line":151,"column":74}},"61":{"start":{"line":152,"column":12},"end":{"line":154,"column":13}},"62":{"start":{"line":153,"column":16},"end":{"line":153,"column":28}},"63":{"start":{"line":156,"column":12},"end":{"line":160,"column":13}},"64":{"start":{"line":157,"column":16},"end":{"line":159,"column":17}},"65":{"start":{"line":158,"column":20},"end":{"line":158,"column":38}},"66":{"start":{"line":161,"column":12},"end":{"line":161,"column":24}}},"fnMap":{"0":{"name":"(anonymous_0)","decl":{"start":{"line":82,"column":49},"end":{"line":82,"column":50}},"loc":{"start":{"line":82,"column":70},"end":{"line":82,"column":106}},"line":82},"1":{"name":"markdownParser","decl":{"start":{"line":144,"column":9},"end":{"line":144,"column":23}},"loc":{"start":{"line":144,"column":32},"end":{"line":218,"column":1}},"line":144},"2":{"name":"(anonymous_2)","decl":{"start":{"line":147,"column":23},"end":{"line":147,"column":24}},"loc":{"start":{"line":147,"column":39},"end":{"line":162,"column":9}},"line":147}},"branchMap":{"0":{"loc":{"start":{"line":152,"column":12},"end":{"line":154,"column":13}},"type":"if","locations":[{"start":{"line":152,"column":12},"end":{"line":154,"column":13}},{"start":{},"end":{}}],"line":152},"1":{"loc":{"start":{"line":157,"column":16},"end":{"line":159,"column":17}},"type":"if","locations":[{"start":{"line":157,"column":16},"end":{"line":159,"column":17}},{"start":{},"end":{}}],"line":157},"2":{"loc":{"start":{"line":185,"column":53},"end":{"line":185,"column":127}},"type":"cond-expr","locations":[{"start":{"line":185,"column":92},"end":{"line":185,"column":98}},{"start":{"line":185,"column":101},"end":{"line":185,"column":127}}],"line":185},"3":{"loc":{"start":{"line":185,"column":53},"end":{"line":185,"column":89}},"type":"binary-expr","locations":[{"start":{"line":185,"column":53},"end":{"line":185,"column":68}},{"start":{"line":185,"column":72},"end":{"line":185,"column":89}}],"line":185}},"s":{"0":1,"1":1,"2":1,"3":1,"4":1,"5":1,"6":1,"7":1,"8":1,"9":1,"10":1,"11":1,"12":1,"13":1,"14":1,"15":1,"16":1,"17":1,"18":1,"19":1,"20":1,"21":1,"22":1,"23":1,"24":1,"25":1,"26":1,"27":1,"28":1,"29":1,"30":1,"31":1,"32":1,"33":1,"34":1,"35":1,"36":1,"37":1,"38":1,"39":1,"40":1,"41":1,"42":1,"43":1,"44":1,"45":1,"46":1,"47":1,"48":1,"49":1,"50":1,"51":1,"52":1,"53":1,"54":1,"55":1,"56":1,"57":0,"58":0,"59":20,"60":0,"61":0,"62":0,"63":0,"64":0,"65":0,"66":0},"f":{"0":0,"1":20,"2":0},"b":{"0":[0,0],"1":[0,0],"2":[20,0],"3":[20,20]},"inputSourceMap":{"version":3,"file":"/Users/egrembocki/Documents/school/FA24/SWENG431/Zettlr-sweng431/source/common/modules/markdown-editor/parser/markdown-parser.ts","sources":["/Users/egrembocki/Documents/school/FA24/SWENG431/Zettlr-sweng431/source/common/modules/markdown-editor/parser/markdown-parser.ts"],"names":[],"mappings":";AAAA;;;;;;;;;;;;;;GAcG;;AA6IH,iCA4EC;AAvND,qDAAgD;AAChD,mDAK6B;AAE7B,iDAAiD;AACjD,6DAAsE;AACtE,mDAA0C;AAC1C,yDAAgD;AAChD,mDAA0C;AAC1C,iEAAwD;AACxD,qDAA4C;AAC5C,qDAA4C;AAC5C,oCAAoC;AACpC,+DAA2G;AAC3G,mEAA+D;AAC/D,+DAA2D;AAC3D,2DAAuD;AACvD,iEAA6D;AAC7D,mEAA+D;AAC/D,mEAA+D;AAC/D,2DAA8D;AAC9D,2DAA6D;AAC7D,6DAAyD;AACzD,uDAAmD;AACnD,6DAAyD;AACzD,2DAAuD;AACvD,+DAA2D;AAC3D,+DAA2D;AAC3D,yDAAqD;AACrD,yDAAqD;AACrD,6DAAyD;AACzD,+DAA2D;AAC3D,6DAAyD;AACzD,iEAA6D;AAC7D,iEAA6D;AAC7D,mEAA+D;AAC/D,6DAAyD;AACzD,2DAAuD;AACvD,iEAA6D;AAC7D,yEAAqE;AACrE,yEAAqE;AACrE,uEAAmE;AACnE,6DAAyD;AACzD,yEAAqE;AACrE,6DAAyD;AACzD,iEAA6D;AAC7D,2DAAuD;AACvD,iEAA6D;AAE7D,oBAAoB;AACpB,uDAAkD;AAClD,uDAAqE;AACrE,6DAAuE;AACvE,+CAAiE;AACjE,mDAA8C;AAC9C,+DAAwE;AACxE,uDAA2E;AAC3E,yEAAmE;AACnE,yDAAoD;AACpD,qDAA+C;AAE/C,MAAM,aAAa,GAA4E;IAC7F;QACE,2EAA2E;QAC3E,2EAA2E;QAC3E,0EAA0E;QAC1E,4DAA4D;QAC5D,IAAI,EAAE,yBAAc,CAAC,MAAM,CAAC,EAAE,KAAK,CAAE,MAAM,EAAE,KAAK,IAAI,MAAM,CAAC,SAAS,EAAE,CAAC,CAAC,OAAO,IAAI,CAAA,CAAC,CAAC,EAAE,CAAC;QAC1F,SAAS,EAAE,CAAC,SAAS,CAAC;KACvB;IACD,EAAE,IAAI,EAAE,IAAA,cAAG,GAAE,CAAC,QAAQ,EAAE,SAAS,EAAE,CAAC,KAAK,CAAC,EAAE;IAC5C,EAAE,IAAI,EAAE,IAAA,4BAAU,GAAE,CAAC,QAAQ,EAAE,SAAS,EAAE,CAAE,YAAY,EAAE,IAAI,EAAE,MAAM,CAAE,EAAE;IAC1E,EAAE,IAAI,EAAE,IAAA,gBAAI,GAAE,CAAC,QAAQ,EAAE,SAAS,EAAE,CAAC,MAAM,CAAC,EAAE;IAC9C,EAAE,IAAI,EAAE,gCAAgB,EAAE,SAAS,EAAE,CAAE,UAAU,EAAE,IAAI,CAAE,EAAE;IAC3D,4FAA4F;IAC5F,EAAE,IAAI,EAAE,IAAA,cAAG,EAAC,EAAE,KAAK,EAAE,IAAI,EAAE,CAAC,CAAC,QAAQ,EAAE,SAAS,EAAE,CAAC,KAAK,CAAC,EAAE;IAC3D,EAAE,IAAI,EAAE,IAAA,oBAAM,GAAE,CAAC,QAAQ,EAAE,SAAS,EAAE,CAAE,QAAQ,EAAE,IAAI,CAAE,EAAE;IAC1D,EAAE,IAAI,EAAE,yBAAc,CAAC,MAAM,CAAC,SAAC,CAAC,EAAE,SAAS,EAAE,CAAC,GAAG,CAAC,EAAE;IACpD,EAAE,IAAI,EAAE,yBAAc,CAAC,MAAM,CAAC,iBAAO,CAAC,EAAE,SAAS,EAAE,CAAC,SAAS,CAAC,EAAE;IAChE,EAAE,IAAI,EAAE,yBAAc,CAAC,MAAM,CAAC,aAAK,CAAC,EAAE,SAAS,EAAE,CAAC,OAAO,CAAC,EAAE;IAC5D,EAAE,IAAI,EAAE,yBAAc,CAAC,MAAM,CAAC,uBAAU,CAAC,EAAE,SAAS,EAAE,CAAE,OAAO,EAAE,YAAY,CAAE,EAAE;IACjF,EAAE,IAAI,EAAE,yBAAc,CAAC,MAAM,CAAC,WAAG,CAAC,EAAE,SAAS,EAAE,CAAE,KAAK,EAAE,KAAK,CAAE,EAAE;IACjE,EAAE,IAAI,EAAE,yBAAc,CAAC,MAAM,CAAC,cAAM,CAAC,EAAE,SAAS,EAAE,CAAE,IAAI,EAAE,QAAQ,EAAE,IAAI,CAAE,EAAE;IAC5E,EAAE,IAAI,EAAE,yBAAc,CAAC,MAAM,CAAC,YAAI,CAAC,EAAE,SAAS,EAAE,CAAE,MAAM,EAAE,IAAI,CAAE,EAAE;IAClE,EAAE,IAAI,EAAE,yBAAc,CAAC,MAAM,CAAC,WAAI,CAAC,EAAE,SAAS,EAAE,CAAC,MAAM,CAAC,EAAE;IAC1D,EAAE,IAAI,EAAE,yBAAc,CAAC,MAAM,CAAC,uBAAU,CAAC,EAAE,SAAS,EAAE,CAAE,QAAQ,EAAE,YAAY,CAAE,EAAE;IAClF,EAAE,IAAI,EAAE,yBAAc,CAAC,MAAM,CAAC,SAAG,CAAC,EAAE,SAAS,EAAE,CAAC,KAAK,CAAC,EAAE;IACxD,EAAE,IAAI,EAAE,yBAAc,CAAC,MAAM,CAAC,iBAAO,CAAC,EAAE,SAAS,EAAE,CAAC,SAAS,CAAC,EAAE;IAChE,EAAE,IAAI,EAAE,yBAAc,CAAC,MAAM,CAAC,eAAM,CAAC,EAAE,SAAS,EAAE,CAAE,IAAI,EAAE,QAAQ,CAAE,EAAE;IACtE,EAAE,IAAI,EAAE,yBAAc,CAAC,MAAM,CAAC,OAAE,CAAC,EAAE,SAAS,EAAE,CAAC,IAAI,CAAC,EAAE;IACtD,EAAE,IAAI,EAAE,yBAAc,CAAC,MAAM,CAAC,iBAAO,CAAC,EAAE,SAAS,EAAE,CAAE,SAAS,EAAE,IAAI,CAAE,EAAE;IACxE,EAAE,IAAI,EAAE,yBAAc,CAAC,MAAM,CAAC,UAAI,CAAC,EAAE,SAAS,EAAE,CAAC,MAAM,CAAC,EAAE;IAC1D,EAAE,IAAI,EAAE,yBAAc,CAAC,MAAM,CAAC,YAAI,CAAC,EAAE,SAAS,EAAE,CAAC,MAAM,CAAC,EAAE;IAC1D,EAAE,IAAI,EAAE,yBAAc,CAAC,MAAM,CAAC,aAAK,CAAC,EAAE,SAAS,EAAE,CAAE,OAAO,EAAE,IAAI,CAAE,EAAE;IACpE,EAAE,IAAI,EAAE,yBAAc,CAAC,MAAM,CAAC,cAAM,CAAC,EAAE,SAAS,EAAE,CAAE,QAAQ,EAAE,IAAI,CAAE,EAAE;IACtE,EAAE,IAAI,EAAE,yBAAc,CAAC,MAAM,CAAC,UAAI,CAAC,EAAE,SAAS,EAAE,CAAC,MAAM,CAAC,EAAE;IAC1D,EAAE,IAAI,EAAE,yBAAc,CAAC,MAAM,CAAC,SAAG,CAAC,EAAE,SAAS,EAAE,CAAC,KAAK,CAAC,EAAE;IACxD,EAAE,IAAI,EAAE,yBAAc,CAAC,MAAM,CAAC,kBAAU,CAAC,EAAE,SAAS,EAAE,CAAE,aAAa,EAAE,YAAY,EAAE,MAAM,CAAE,EAAE;IAC/F,EAAE,IAAI,EAAE,yBAAc,CAAC,MAAM,CAAC,eAAM,CAAC,EAAE,SAAS,EAAE,CAAC,QAAQ,CAAC,EAAE;IAC9D,EAAE,IAAI,EAAE,yBAAc,CAAC,MAAM,CAAC,eAAM,CAAC,EAAE,SAAS,EAAE,CAAC,QAAQ,CAAC,EAAE;IAC9D,EAAE,IAAI,EAAE,yBAAc,CAAC,MAAM,CAAC,WAAI,CAAC,EAAE,SAAS,EAAE,CAAE,MAAM,EAAE,IAAI,CAAE,EAAE;IAClE,EAAE,IAAI,EAAE,yBAAc,CAAC,MAAM,CAAC,uBAAU,CAAC,EAAE,SAAS,EAAE,CAAC,YAAY,CAAC,EAAE;IACtE,EAAE,IAAI,EAAE,yBAAc,CAAC,MAAM,CAAC,KAAC,CAAC,EAAE,SAAS,EAAE,CAAC,GAAG,CAAC,EAAE;IACpD,EAAE,IAAI,EAAE,yBAAc,CAAC,MAAM,CAAC,WAAI,CAAC,EAAE,SAAS,EAAE,CAAE,MAAM,EAAE,IAAI,CAAE,EAAE;IAClE,EAAE,IAAI,EAAE,yBAAc,CAAC,MAAM,CAAC,WAAI,CAAC,EAAE,SAAS,EAAE,CAAE,MAAM,EAAE,IAAI,CAAE,EAAE;IAClE,EAAE,IAAI,EAAE,yBAAc,CAAC,MAAM,CAAC,aAAK,CAAC,EAAE,SAAS,EAAE,CAAC,OAAO,CAAC,EAAE;IAC5D,EAAE,IAAI,EAAE,yBAAc,CAAC,MAAM,CAAC,eAAM,CAAC,EAAE,SAAS,EAAE,CAAC,QAAQ,CAAC,EAAE;IAC9D,EAAE,IAAI,EAAE,yBAAc,CAAC,MAAM,CAAC,UAAI,CAAC,EAAE,SAAS,EAAE,CAAC,MAAM,CAAC,EAAE;IAC1D,EAAE,IAAI,EAAE,yBAAc,CAAC,MAAM,CAAC,aAAK,CAAC,EAAE,SAAS,EAAE,CAAE,OAAO,EAAE,IAAI,EAAE,MAAM,CAAE,EAAE;IAC5E,EAAE,IAAI,EAAE,yBAAc,CAAC,MAAM,CAAC,qBAAS,CAAC,EAAE,SAAS,EAAE,CAAE,WAAW,EAAE,IAAI,CAAE,EAAE;IAC5E,EAAE,IAAI,EAAE,yBAAc,CAAC,MAAM,CAAC,eAAM,CAAC,EAAE,SAAS,EAAE,CAAC,QAAQ,CAAC,EAAE;IAC9D,EAAE,IAAI,EAAE,yBAAc,CAAC,MAAM,CAAC,IAAA,SAAG,EAAC,EAAE,CAAC,CAAC,EAAE,SAAS,EAAE,CAAC,KAAK,CAAC,EAAE;IAC5D,EAAE,IAAI,EAAE,yBAAc,CAAC,MAAM,CAAC,WAAI,CAAC,EAAE,SAAS,EAAE,CAAE,OAAO,EAAE,KAAK,CAAE,EAAE;IACpE,EAAE,IAAI,EAAE,yBAAc,CAAC,MAAM,CAAC,aAAK,CAAC,EAAE,SAAS,EAAE,CAAC,OAAO,CAAC,EAAE;IAC5D,EAAE,IAAI,EAAE,yBAAc,CAAC,MAAM,CAAC,SAAG,CAAC,EAAE,SAAS,EAAE,CAAC,KAAK,CAAC,EAAE;IACxD,EAAE,IAAI,EAAE,yBAAc,CAAC,MAAM,CAAC,WAAI,CAAC,EAAE,SAAS,EAAE,CAAE,MAAM,EAAE,KAAK,CAAE,EAAE;IACnE,EAAE,IAAI,EAAE,yBAAc,CAAC,MAAM,CAAC,eAAM,CAAC,EAAE,SAAS,EAAE,CAAE,QAAQ,EAAE,KAAK,CAAE,EAAE;IACvE,EAAE,IAAI,EAAE,yBAAc,CAAC,MAAM,CAAC,OAAE,CAAC,EAAE,SAAS,EAAE,CAAE,QAAQ,EAAE,IAAI,EAAE,aAAa,CAAE,EAAE;IACjF,EAAE,IAAI,EAAE,yBAAc,CAAC,MAAM,CAAC,iBAAO,CAAC,EAAE,SAAS,EAAE,CAAE,SAAS,EAAE,GAAG,CAAE,EAAE;IACvE,EAAE,IAAI,EAAE,yBAAc,CAAC,MAAM,CAAC,WAAI,CAAC,EAAE,SAAS,EAAE,CAAE,MAAM,EAAE,KAAK,CAAE,EAAE;IACnE,EAAE,IAAI,EAAE,yBAAc,CAAC,MAAM,CAAC,SAAG,CAAC,EAAE,SAAS,EAAE,CAAC,KAAK,CAAC,EAAE;IACxD,EAAE,IAAI,EAAE,IAAA,gBAAI,GAAE,CAAC,QAAQ,EAAE,SAAS,EAAE,CAAE,MAAM,EAAE,KAAK,CAAE,EAAE;IACvD,EAAE,IAAI,EAAE,IAAA,4BAAU,EAAC,EAAE,UAAU,EAAE,IAAI,EAAE,CAAC,CAAC,QAAQ,EAAE,SAAS,EAAE,CAAE,YAAY,EAAE,IAAI,CAAE,EAAE;CACvF,CAAA;AAMD,gFAAgF;AAChF,8CAA8C;AAC9C,2FAA2F;AAE3F,wEAAwE;AACxE,eAAe;AACf,SAAwB,cAAc,CAAE,MAA6B;IACnE,OAAO,IAAA,wBAAQ,EAAC;QACd,IAAI,EAAE,gCAAgB;QACtB,aAAa,EAAE,CAAC,UAAU,EAAE,EAAE;YAC5B,0EAA0E;YAC1E,qEAAqE;YACrE,wBAAwB;YACxB,MAAM,KAAK,GAAG,iBAAiB,CAAC,IAAI,CAAC,UAAU,CAAC,WAAW,EAAE,CAAC,CAAA;YAC9D,IAAI,KAAK,KAAK,IAAI,EAAE,CAAC;gBACnB,OAAO,IAAI,CAAA;YACb,CAAC;YAED,8BAA8B;YAC9B,KAAK,MAAM,KAAK,IAAI,aAAa,EAAE,CAAC;gBAClC,IAAI,KAAK,CAAC,SAAS,CAAC,QAAQ,CAAC,KAAK,CAAC,CAAC,CAAC,CAAC,EAAE,CAAC;oBACvC,OAAO,KAAK,CAAC,IAAI,CAAA;gBACnB,CAAC;YACH,CAAC;YAED,OAAO,IAAI,CAAA;QACb,CAAC;QACD,UAAU,EAAE;YACV,0EAA0E;YAC1E,wEAAwE;YACxE,uEAAuE;YACvE,oEAAoE;YACpE,wDAAwD;YACxD,IAAI,EAAE,IAAA,kCAAa,GAAE;YACrB,UAAU,EAAE;gBACV,4CAA4C;gBAC5C,sCAAiB;gBACjB,sCAAsC;gBACtC,6BAAe;gBACf,mCAAiB;gBACjB,qCAAe;gBACf,qCAAe;aAChB;YACD,WAAW,EAAE;gBACX,wEAAwE;gBACxE,8BAAgB;gBAChB,gCAAc;g
[...]
8},"end":{"line":73,"column":9}},{"start":{},"end":{}}],"line":71},"12":{"loc":{"start":{"line":77,"column":29},"end":{"line":77,"column":64}},"type":"cond-expr","locations":[{"start":{"line":77,"column":47},"end":{"line":77,"column":49}},{"start":{"line":77,"column":52},"end":{"line":77,"column":64}}],"line":77}},"s":{"0":1,"1":1,"2":1,"3":1,"4":1,"5":1,"6":1,"7":4,"8":0,"9":4,"10":4,"11":4,"12":4,"13":4,"14":4,"15":4,"16":8,"17":4,"18":4,"19":4,"20":2,"21":2,"22":2,"23":2,"24":2,"25":4,"26":2,"27":2,"28":2,"29":2,"30":2},"f":{"0":1,"1":4},"b":{"0":[1,1,1],"1":[1,0],"2":[1,1],"3":[0,4],"4":[4,0],"5":[4,0],"6":[4,4],"7":[4,0],"8":[4,4],"9":[4,4],"10":[2,2],"11":[2,2],"12":[1,1]},"inputSourceMap":{"version":3,"file":"/Users/egrembocki/Documents/school/FA24/SWENG431/Zettlr-sweng431/source/common/util/replace-tags.ts","sources":["/Users/egrembocki/Documents/school/FA24/SWENG431/Zettlr-sweng431/source/common/util/replace-tags.ts"],"names":[],"mappings":";AAAA;;;;;;;;;;;;GAYG;;;;;AAiBH,8BAsDC;AArED,+BAA6C;AAC7C,0FAA+D;AAC/D,mEAA+E;AAG/E;;;;;;;;;GASG;AACH,SAAwB,WAAW,CAAE,QAAgB,EAAE,MAAc,EAAE,MAAc;;IACnF,IAAI,CAAC,QAAQ,CAAC,QAAQ,CAAC,MAAM,CAAC,EAAE,CAAC;QAC/B,OAAO,QAAQ,CAAA;IACjB,CAAC;IAED,4EAA4E;IAC5E,oDAAoD;IACpD,sEAAsE;IACtE,6EAA6E;IAC7E,mFAAmF;IACnF,MAAM,EAAE,WAAW,EAAE,OAAO,EAAE,GAAG,IAAA,kCAAsB,EAAC,QAAQ,CAAC,CAAA;IAEjE,IAAI,WAAW,KAAK,IAAI,EAAE,CAAC;QACzB,MAAM,iBAAiB,GAAG,QAAQ,CAAC,KAAK,CAAC,CAAC,EAAE,QAAQ,CAAC,OAAO,CAAC,OAAO,CAAC,CAAC,CAAA;QACtE,MAAM,GAAG,GAAG,IAAA,oBAAa,EAAC,iBAAiB,CAAC,CAAA;QAC5C,0CAA0C;QAC1C,MAAM,IAAI,GAAG,MAAA,GAAG,CAAC,GAAG,CAAC,UAAU,EAAE,IAAI,CAAC,mCAAI,GAAG,CAAC,GAAG,CAAC,MAAM,EAAE,IAAI,CAAC,CAAA;QAE/D,IAAI,IAAI,KAAK,SAAS,IAAI,IAAI,YAAY,cAAO,EAAE,CAAC;YAClD,KAAK,MAAM,IAAI,IAAI,IAAI,CAAC,KAAK,EAAE,CAAC;gBAC9B,IAAI,IAAI,CAAC,KAAK,KAAK,MAAM,EAAE,CAAC;oBAC1B,MAAM,CAAE,KAAK,EAAE,QAAQ,CAAE,GAAG,IAAI,CAAC,KAAK,CAAA;oBACtC,6BAA6B;oBAC7B,QAAQ,GAAG,QAAQ,CAAC,KAAK,CAAC,CAAC,EAAE,KAAK,CAAC,GAAG,MAAM,GAAG,QAAQ,CAAC,KAAK,CAAC,QAAQ,CAAC,CAAA;gBACzE,CAAC;YACH,CAAC;YAED,wDAAwD;YACxD,IAAI,IAAI,CAAC,IAAI,CAAC,MAAM,CAAC,EAAE,CAAC;gBACtB,OAAO,QAAQ,CAAA;YACjB,CAAC;QACH,CAAC;IACH,CAAC;IAED,6EAA6E;IAC7E,iCAAiC;IACjC,MAAM,GAAG,GAAG,IAAA,8BAAa,EAAC,QAAQ,CAAC,CAAA;IACnC,MAAM,QAAQ,GAAG,IAAA,gCAAe,EAAC,GAAG,EAAE,iBAAiB,CAAsB,CAAA;IAE7E,6EAA6E;IAC7E,8EAA8E;IAC9E,MAAM,eAAe,GAAG,IAAI,CAAC,IAAI,CAAC,MAAM,CAAC,CAAA;IACzC,KAAK,MAAM,OAAO,IAAI,QAAQ,CAAC,OAAO,EAAE,EAAE,CAAC;QACzC,IAAI,OAAO,CAAC,KAAK,KAAK,MAAM,EAAE,CAAC;YAC7B,SAAQ;QACV,CAAC;QAED,MAAM,MAAM,GAAG,QAAQ,CAAC,KAAK,CAAC,CAAC,EAAE,OAAO,CAAC,IAAI,CAAC,CAAA;QAC9C,MAAM,KAAK,GAAG,QAAQ,CAAC,KAAK,CAAC,OAAO,CAAC,EAAE,CAAC,CAAA;QACxC,iEAAiE;QACjE,QAAQ,GAAG,MAAM,GAAG,CAAC,eAAe,CAAC,CAAC,CAAC,EAAE,CAAC,CAAC,CAAC,IAAI,MAAM,EAAE,CAAC,GAAG,KAAK,CAAA;IACnE,CAAC;IAED,OAAO,QAAQ,CAAA;AACjB,CAAC","sourcesContent":["/**\n * @ignore\n * BEGIN HEADER\n *\n * Contains:        Replace Tags\n * CVM-Role:        Utility\n * Maintainer:      Hendrik Erz\n * License:         GNU GPL v3\n *\n * Description:     This function can replace a set of tags across a file\n *\n * END HEADER\n */\n\nimport { parseDocument, YAMLSeq } from 'yaml'\nimport extractYamlFrontmatter from './extract-yaml-frontmatter'\nimport { extractASTNodes, markdownToAST } from '@common/modules/markdown-utils'\nimport type { ZettelkastenTag } from '@common/modules/markdown-utils/markdown-ast'\n\n/**\n * Takes a Markdown document and replaces all occurrences of oldTag with newTag.\n * Returns the new document after replacing.\n *\n * @param   {string}        markdown  The document in question\n * @param   {string}        oldTag    The old tag to be replaced\n * @param   {string}        newTag    The new tag to replace the old one\n *\n * @return  {string}                  The new document\n */\nexport default function replaceTags (markdown: string, oldTag: string, newTag: string): string {\n  if (!markdown.includes(oldTag)) {\n    return markdown\n  }\n\n  // Since tags can occur in a frontmatter as well as in the document text, we\n  // have the following combinations of possibilities:\n  // 1. If the oldTag contains spaces --> Can only be in the frontmatter\n  // 2. No spaces at all --> Can occur anywhere and has to be replaced anywhere\n  // 3. Only newTag has spaces --> Remove oldTag from text, add newTag to frontmatter\n  const { frontmatter, content } = extractYamlFrontmatter(markdown)\n\n  if (frontmatter !== null) {\n    const stringFrontmatter = markdown.slice(0, markdown.indexOf(content))\n    const ast = parseDocument(stringFrontmatter)\n    // Now, find the keywords or tags-property\n    const prop = ast.get('keywords', true) ?? ast.get('tags', true)\n\n    if (prop !== undefined && prop instanceof YAMLSeq) {\n      for (const item of prop.items) {\n        if (item.value === oldTag) {\n          const [ start, valueEnd ] = item.range\n          // Slice the correct position\n          markdown = markdown.slice(0, start) + newTag + markdown.slice(valueEnd)\n        }\n      }\n\n      // If the old tag contained a space, we are already done\n      if (/\\s/.test(oldTag)) {\n        return markdown\n      }\n    }\n  }\n\n  // Now, we can do a much simpler approach to replacing the tag in the rest of\n  // the content with simple RegEx.\n  const ast = markdownToAST(markdown)\n  const tagNodes = extractASTNodes(ast, 'ZettelkastenTag') as ZettelkastenTag[]\n\n  // Please NOTE that we are reversing the tagNodes array so that the positions\n  // of the tags in the new document remain valid, even after replacing the tags\n  const newTagHasSpaces = /\\s/.test(newTag)\n  for (const tagNode of tagNodes.reverse()) {\n    if (tagNode.value !== oldTag) {\n      continue\n    }\n\n    const before = markdown.slice(0, tagNode.from)\n    const after = markdown.slice(tagNode.to)\n    // If the new tag contains spaces, we have to remove the tag here\n    markdown = before + (newTagHasSpaces ? '' : `#${newTag}`) + after\n  }\n\n  return markdown\n}\n"]},"_coverageSchema":"1a1c01bbd47fc00a2c39e90264f33305004495a9","hash":"6e0cc25f3abe04830dde19fe01a954e5a6705cd7","contentHash":"536f3b5b131011ba60aec86f039ad79edec13b93eb81e6d42174b1b44f0cfdbb"},"/Users/egrembocki/Documents/school/FA24/SWENG431/Zettlr-sweng431/source/common/util/safe-assign.ts":{"path":"/Users/egrembocki/Documents/school/FA24/SWENG431/Zettlr-sweng431/source/common/util/safe-assign.ts","statementMap":{"0":{"start":{"line":20,"column":0},"end":{"line":20,"column":62}},"1":{"start":{"line":21,"column":0},"end":{"line":21,"column":29}},"2":{"start":{"line":41,"column":4},"end":{"line":65,"column":5}},"3":{"start":{"line":42,"column":8},"end":{"line":64,"column":9}},"4":{"start":{"line":47,"column":12},"end":{"line":59,"column":13}},"5":{"start":{"line":51,"column":16},"end":{"line":51,"column":37}},"6":{"start":{"line":54,"column":16},"end":{"line":54,"column":78}},"7":{"start":{"line":58,"column":16},"end":{"line":58,"column":44}},"8":{"start":{"line":63,"column":12},"end":{"line":63,"column":52}},"9":{"start":{"line":67,"column":4},"end":{"line":67,"column":21}}},"fnMap":{"0":{"name":"safeAssign","decl":{"start":{"line":39,"column":9},"end":{"line":39,"column":19}},"loc":{"start":{"line":39,"column":58},"end":{"line":68,"column":1}},"line":39}},"branchMap":{"0":{"loc":{"start":{"line":39,"column":42},"end":{"line":39,"column":56}},"type":"default-arg","locations":[{"start":{"line":39,"column":54},"end":{"line":39,"column":56}}],"line":39},"1":{"loc":{"start":{"line":42,"column":8},"end":{"line":64,"column":9}},"type":"if","locations":[{"start":{"line":42,"column":8},"end":{"line":64,"column":9}},{"start":{"line":61,"column":13},"end":{"line":64,"column":9}}],"line":42},"2":{"loc":{"start":{"line":47,"column":12},"end":{"line":59,"column":13}},"type":"if","locations":[{"start":{"line":47,"column":12},"end":{"line":59,"column":13}},{"start":{"line":56,"column":17},"end":{"line":59,"column":13}}],"line":47},"3":{"loc":{"start":{"line":47,"column":16},"end":{"line":49,"column":46}},"type":"binary-expr","locations":[{"start":{"line":47,"column":16},"end":{"line":47,"column":57}},{"start":{"line":48,"column":16},"end":{"line":48,"column":53}},{"start":{"line":49,"column":16},"end":{"line":49,"column":46}}],"line":47}},"s":{"0":1,"1":1,"2":8,"3":15,"4":13,"5":3,"6":3,"7":10,"8":2,"9":8},"f":{"0":8},"b":{"0":[5],"1":[13,2],"2":[3,10],"3":[13,6,3]},"inputSourceMap":{"version":3,"file":"/Users/egrembocki/Documents/school/FA24/SWENG431/Zettlr-sweng431/source/common/util/safe-assign.ts","sources":["/Users/egrembocki/Documents/school/FA24/SWENG431/Zettlr-sweng431/source/common/util/safe-assign.ts"],"names":[],"mappings":";AAAA;;;;;;;;;;;;;;;;;GAiBG;;AAmBH,6BA4BC;AA7CD;;;;;;;;;;;;;;;;GAgBG;AACH,SAAwB,UAAU,CAAqB,GAAe,EAAE,eAAkB,EAAE,YAAwB,EAAE;IACpH,iDAAiD;IACjD,KAAK,MAAM,IAAI,IAAI,eAAe,EAAE,CAAC;QACnC,IAAI,IAAI,IAAI,GAAG,EAAE,CAAC;YAChB,wEAAwE;YACxE,gEAAgE;YAChE,wDAAwD;YACxD,8BAA8B;YAC9B,IAAI,OAAO,eAAe,CAAC,IAAI,CAAC,KAAK,QAAQ;gBAC3C,CAAC,KAAK,CAAC,OAAO,CAAC,eAAe,CAAC,IAAI,CAAC,CAAC;gBACrC,eAAe,CAAC,IAAI,CAAC,KAAK,IAAI,EAAE,CAAC;gBACjC,kEAAkE;gBAClE,SAAS,CAAC,IAAI,CAAC,GAAG,EAAE,CAAA;gBACpB,mEAAmE;gBACnE,wDAAwD;gBACxD,UAAU,CAAC,GAAG,CAAC,IAAI,CAAC,EAAE,eAAe,CAAC,IAAI,CAAC,EAAE,SAAS,CAAC,IAAI,CAAC,CAAC,CAAA;YAC/D,CAAC;iBAAM,CAAC;gBACN,uBAAuB;gBACvB,SAAS,CAAC,IAAI,CAAC,GAAG,GAAG,CAAC,IAAI,CAAC,CAAA;YAC7B,CAAC;QACH,CAAC;aAAM,CAAC;YACN,qEAAqE;YACrE,SAAS,CAAC,IAAI,CAAC,GAAG,eAAe,CAAC,IAAI,CAAC,CAAA;QACzC,CAAC;IACH,CAAC;IAED,8CAA8C;IAC9C,OAAO,SAAc,CAAA;AACvB,CAAC","sourcesContent":["/**\n * BEGIN HEADER\n *\n * Contains:        Utility function\n * CVM-Role:        <none>\n * Maintainer:      Hendrik Erz\n * License:         GNU GPL v3\n *\n * Description:     This file contains a function that can be used to safely\n *                  assign object values, that is: you pass a reference\n *                  object, and some other object. What will be returned is a\n *                  new object that contains all fields from the reference, but\n *                  does not include any \"invalid\" fields that were only\n *                  present on the passed object, but not on the reference.\n *                  This also supports nested objects.\n *\n * END HEADER\n */\n\n/**\n * Merges an object with a reference, creating a new object that will contain\n * all properties of `referenceObject`. The value of those properties will\n * either be taken from the object, if it possesses that property, or from the\n * `referenceObject` otherwise.\n *\n * @param  {Partial<A>}  obj              The object with property values to be\n *                                        merged.\n * @param  {A}           referenceObject  The reference to use the properties\n *                                        and default values from.\n * @param  {Partial<A>}  newObject        DO NOT USE -- INTERNAL! The new object\n *                                        to be returned.\n *\n * @return {A}                            The cloned object with properties of\n *                                        `referenceObject` with values of `obj`\n *                                        merged in.\n */\nexport default function safeAssign <A extends object> (obj: Partial<A>, referenceObject: A, newObject: Partial<A> = {}): A {\n  // Iterate over all properties of referenceObject\n  for (const prop in referenceObject) {\n    if (prop in obj) {\n      // The object has the property, so now we have to decide over two cases:\n      // either it's a sub-object --> in this case we'll have to apply\n      // recursively. We perform an explicit null-check, since\n      // `typeof null === 'object'`.\n      if (typeof referenceObject[prop] === 'object' &&\n        !Array.isArray(referenceObject[prop]) &&\n        referenceObject[prop] !== null) {\n        // @ts-expect-error These properties will be filled in recursively\n        newObject[prop] = {}\n        // @ts-expect-error TypeScript wouldn't not treat this as an error.\n        // (To be fair, we do violence to the type system here.)\n        safeAssign(obj[prop], referenceObject[prop], newObject[prop])\n      } else {\n        // Assign the primitive\n        newObject[prop] = obj[prop]\n      }\n    } else {\n      // `obj` doesn't have prop, so take the value from reference instead.\n      newObject[prop] = referenceObject[prop]\n    }\n  }\n\n  // Type-cast, since now newObject is of type A\n  return newObject as A\n}\n"]},"_coverageSchema":"1a1c01bbd47fc00a2c39e90264f33305004495a9","hash":"6636f4f98a4e4a1b333808ff3449e06768ae7554","contentHash":"739b3f9236ead0564f2f9df0dfc6c4296683f85991476b933aced6b449a353d7"},"/Users/egrembocki/Documents/school/FA24/SWENG431/Zettlr-sweng431/source/common/util/shorten-url-visually.ts":{"path":"/Users/egrembocki/Documents/school/FA24/SWENG431/Zettlr-sweng431/source/common/util/shorten-url-visually.ts","statementMap":{"0":{"start":{"line":17,"column":0},"end":{"line":17,"column":62}},"1":{"start":{"line":18,"column":0},"end":{"line":18,"column":48}},"2":{"start":{"line":37,"column":4},"end":{"line":37,"column":40}},"3":{"start":{"line":38,"column":4},"end":{"line":40,"column":5}},"4":{"start":{"line":39,"column":8},"end":{"line":39,"column":19}},"5":{"start":{"line":41,"column":4},"end":{"line":69,"column":5}},"6":{"start":{"line":42,"column":26},"end":{"line":42,"column":38}},"7":{"start":{"line":47,"column":13},"end":{"line":47,"column":22}},"8":{"start":{"line":48,"column":8},"end":{"line":63,"column":9}},"9":{"start":{"line":49,"column":12},"end":{"line":49,"column":37}},"10":{"start":{"line":51,"column":13},"end":{"line":63,"column":9}},"11":{"start":{"line":53,"column":12},"end":{"line":53,"column":49}},"12":{"start":{"line":55,"column":13},"end":{"line":63,"column":9}},"13":{"start":{"line":57,"column":30},"end":{"line":57,"column":57}},"14":{"start":{"line":58,"column":12},"end":{"line":58,"column":64}},"15":{"start":{"line":62,"column":12},"end":{"line":62,"column":48}},"16":{"start":{"line":67,"column":21},"end":{"line":67,"column":46}},"17":{"start":{"line":68,"column":8},"end":{"line":68,"column":59}}},"fnMap":{"0":{"name":"shortenUrlVisually","decl":{"start":{"line":34,"column":9},"end":{"line":34,"column":27}},"loc":{"start":{"line":34,"column":49},"end":{"line":70,"column":1}},"line":34}},"branchMap":{"0":{"loc":{"start":{"line":34,"column":33},"end":{"line":34,"column":47}},"type":"default-arg","locations":[{"start":{"line":34,"column":45},"end":{"line":34,"column":47}}],"line":34},"1":{"loc":{"start":{"line":38,"column":4},"end":{"line":40,"column":5}},"type":"if","locations":[{"start":{"line":38,"column":4},"end":{"line":40,"column":5}},{"start":{},"end":{}}],"line":38},"2":{"loc":{"start":{"line":48,"column":8},"end":{"line":63,"column":9}},"type":"if","locations":[{"start":{"line":48,"column":8},"end":{"line":63,"column":9}},{"start":{"line":51,"column":13},"end":{"line":63,"column":9}}],"line":48},"3":{"loc":{"start":{"line":51,"column":13},"end":{"line":63,"column":9}},"type":"if","locations":[{"start":{"line":51,"column":13},"end":{"line":63,"column":9}},{"start":{"line":55,"column":13},"end":{"line":63,"column":9}}],"line":51},"4":{"loc":{"start":{"line":51,"column":17},"end":{"line":51,"column":91}},"type":"binary-expr","locations":[{"start":{"line":51,"column":17},"end":{"line":51,"column":63}},{"start":{"line":51,"column":67},"end":{"line":51,"column":91}}],"line":51},"5":{"loc":{"start":{"line":55,"column":13},"end":{"line":63,"column":9}},"type":"if","locations":[{"start":{"line":55,"column":13},"end":{"line":63,"column":9}},{"start":{"line":60,"column":13},"end":{"line":63,"column":9}}],"line":55}},"s":{"0":1,"1":1,"2":2,"3":2,"4":0,"5":2,"6":2,"7":2,"8":2,"9":1,"10":1,"11":0,"12":1,"13":1,"14":1,"15":0,"16":0,"17":0},"f":{"0":2},"b":{"0":[2],"1":[0,2],"2":[1,1],"3":[0,1],"4":[1,0],"5":[1,0]},"inputSourceMap":{"version":3,"file":"/Users/egrembocki/Documents/school/FA24/SWENG431/Zettlr-sweng431/source/common/util/shorten-url-visually.ts","sources":["/Users/egrembocki/Documents/school/FA24/SWENG431/Zettlr-sweng431/source/common/util/shorten-url-visually.ts"],"names":[],"mappings":";AAAA;;;;;;;;;;;;;;GAcG;;AAiBH,gDAmCC;AAlDD;;;;;;;;;;;;;;GAcG;AACH,SAAgB,kBAAkB,CAAE,GAAW,EAAE,YAAoB,EAAE;IACrE,6EAA6E;IAC7E,cAAc;IACd,GAAG,GAAG,GAAG,CAAC,OAAO,CAAC,UAAU,EAAE,IAAI,CAAC,CAAA;IACnC,IAAI,GAAG,CAAC,MAAM,IAAI,SAAS,EAAE,CAAC;QAC5B,OAAO,GAAG,CAAA;IACZ,CAAC;IAED,IAAI,CAAC;QACH,MAAM,SAAS,GAAG,IAAI,GAAG,CAAC,GAAG,CAAC,CAAA;QAC9B,MAAM,EACJ,MAAM,EAAE,0BAA0B;QAClC,QAAQ,EAAE,kBAAkB;QAC5B,QAAQ,EAAE,oBAAoB;QAC9B,QAAQ,CAAC,SAAS;UACnB,GAAG,SAAS,CAAA;QAEb,IAAI,MAAM,CAAC,MAAM,GAAG,QAAQ,CAAC,MAAM,IAAI,SAAS,EAAE,CAAC;YACjD,OAAO,MAAM,GAAG,QAAQ,CAAA;QAC1B,CAAC;aAAM,IAAI,QAAQ,CAAC,MAAM,GAAG,QAAQ,CAAC,MAAM,IAAI,SAAS,IAAI,SAAS,CAAC,IAAI,CAAC,QAAQ,CAAC,EAAE,CAAC;YACtF,6CAA6C;YAC7C,OAAO,SAAS,CAAC,QAAQ,GAAG,QAAQ,CAAA;QACtC,CAAC;aAAM,IAAI,QAAQ,CAAC,MAAM,GAAG,SAAS,EAAE,CAAC;YACvC,uBAAuB;YACvB,MAAM,SAAS,GAAG,SAAS,GAAG,QAAQ,CAAC,MAAM,CAAA;YAC7C,OAAO,QAAQ,GAAG,IAAI,GAAG,QAAQ,CAAC,KAAK,CAAC,CAAC,SAAS,CAAC,CAAA;QACrD,CAAC;aAAM,CAAC;YACN,uEAAuE;YACvE,OAAO,QAAQ,CAAC,KAAK,CAAC,CAAC,EAAE,SAAS,CAAC,CAAA;QACrC,CAAC;IACH,CAAC;IAAC,OAAO,GAAQ,EAAE,CAAC;QAClB,4BAA4B;QAC5B,MAAM,IAAI,GAAG,IAAI,CAAC,KAAK,CAAC,SAAS,GAAG,CAAC,CAAC,CAAA;QACtC,OAAO,GAAG,CAAC,KAAK,CAAC,CAAC,EAAE,IAAI,CAAC,GAAG,GAAG,GAAG,GAAG,CAAC,KAAK,CAAC,CAAC,IAAI,CAAC,CAAA;IACpD,CAAC;AACH,CAAC","sourcesContent":["/**\n * @ignore\n * BEGIN HEADER\n *\n * Contains:        Visual URL shortener\n * CVM-Role:        Utility Function\n * Maintainer:      Hendrik Erz\n * License:         GNU GPL v3\n *\n * Description:     This function does its best to properly shorten the given\n *                  URL visually so that it fits within, e.g., a fixed-width\n *                  container\n *\n * END HEADER\n */\n\n/**\n * Takes a long URL and shortens it as best as possible so that it can be\n * presented with as much information as possible to the user given the length\n * requirement (default: 80 characters). If url is shorter than that, the\n * function returns the url unchanged, if it's a valid URL, it will try various\n * heuristics to shorten the URL without hiding too much information on the\n * origin of the URL, and if it's not a valid URL, it will return a possibly\n * improperly truncated URL.\n *\n * @param  {string}  url        The URL to shorten\n * @param  {number}  maxLength  The maximum number of characters for the\n *                              shortened URL\n *\n * @return {string}             The URL in a way that fits maxLength\n */\nexport function shortenUrlVisually (url: string, maxLength: number = 80): string {\n  // Plain links need to be surrounded by <>, so we can definitely remove those\n  // if present.\n  url = url.replace(/^<(.+)>$/, '$1')\n  if (url.length <= maxLength) {\n    return url\n  }\n\n  try {\n    const parsedUrl = new URL(url)\n    const {\n      origin, // https://www.example.com\n      hostname, // www.example.com\n      pathname, // /some/subsite.php\n      protocol // https:\n    } = parsedUrl\n\n    if (origin.length + pathname.length <= maxLength) {\n      return origin + pathname\n    } else if (hostname.length + pathname.length <= maxLength && /https?:/.test(protocol)) {\n      // Only hostname works, and protocol is known\n      return parsedUrl.hostname + pathname\n    } else if (hostname.length < maxLength) {\n      // Truncate path length\n      const remaining = maxLength - hostname.length\n      return hostname + '/…' + pathname.slice(-remaining)\n    } else {\n      // We cannot really accommodate maxLength, so just do a brutal truncate\n      return hostname.slice(0, maxLength)\n    }\n  } catch (err: any) {\n    // Fallback: Not a valid URL\n    const half = Math.floor(maxLength / 2)\n    return url.slice(0, half) + '…' + url.slice(-half)\n  }\n}\n"]},"_coverageSchema":"1a1c01bbd47fc00a2c39e90264f33305004495a9","hash":"2d24a887a3382a7a35e1910979f12e95d8eb58b7","contentHash":"d5b279f3e4dd48ddd918a516840e121bdec6b869978482bbad8d585fa87d3898"}}